2025-11-01 17:36:33,097 INFO Starting HK Web3 Quant Bot ...
2025-11-01 17:36:33,752 ERROR MAIN LOOP ERROR: string indices must be integers, not 'str'
Traceback (most recent call last):
  File "c:\Users\mmw\OneDrive\Desktop\hk_web3_quant_bot\main.py", line 25, in main
    data_handler.update_from_tickers(tickers)
    ~~~~~~~~~~~~~~~~~~~~~~~~~~~~~~~~^^^^^^^^^
  File "c:\Users\mmw\OneDrive\Desktop\hk_web3_quant_bot\data_handler.py", line 23, in update_from_tickers
    symbol = t["symbol"]
             ~^^^^^^^^^^
TypeError: string indices must be integers, not 'str'
2025-11-01 17:37:33,812 ERROR MAIN LOOP ERROR: string indices must be integers, not 'str'
Traceback (most recent call last):
  File "c:\Users\mmw\OneDrive\Desktop\hk_web3_quant_bot\main.py", line 25, in main
    data_handler.update_from_tickers(tickers)
    ~~~~~~~~~~~~~~~~~~~~~~~~~~~~~~~~^^^^^^^^^
  File "c:\Users\mmw\OneDrive\Desktop\hk_web3_quant_bot\data_handler.py", line 23, in update_from_tickers
    symbol = t["symbol"]
             ~^^^^^^^^^^
TypeError: string indices must be integers, not 'str'
2025-11-01 17:38:33,797 ERROR MAIN LOOP ERROR: string indices must be integers, not 'str'
Traceback (most recent call last):
  File "c:\Users\mmw\OneDrive\Desktop\hk_web3_quant_bot\main.py", line 25, in main
    data_handler.update_from_tickers(tickers)
    ~~~~~~~~~~~~~~~~~~~~~~~~~~~~~~~~^^^^^^^^^
  File "c:\Users\mmw\OneDrive\Desktop\hk_web3_quant_bot\data_handler.py", line 23, in update_from_tickers
    symbol = t["symbol"]
             ~^^^^^^^^^^
TypeError: string indices must be integers, not 'str'
2025-11-01 17:39:33,902 ERROR MAIN LOOP ERROR: string indices must be integers, not 'str'
Traceback (most recent call last):
  File "c:\Users\mmw\OneDrive\Desktop\hk_web3_quant_bot\main.py", line 25, in main
    data_handler.update_from_tickers(tickers)
    ~~~~~~~~~~~~~~~~~~~~~~~~~~~~~~~~^^^^^^^^^
  File "c:\Users\mmw\OneDrive\Desktop\hk_web3_quant_bot\data_handler.py", line 23, in update_from_tickers
    symbol = t["symbol"]
             ~^^^^^^^^^^
TypeError: string indices must be integers, not 'str'
2025-11-01 17:40:33,810 ERROR MAIN LOOP ERROR: string indices must be integers, not 'str'
Traceback (most recent call last):
  File "c:\Users\mmw\OneDrive\Desktop\hk_web3_quant_bot\main.py", line 25, in main
    data_handler.update_from_tickers(tickers)
    ~~~~~~~~~~~~~~~~~~~~~~~~~~~~~~~~^^^^^^^^^
  File "c:\Users\mmw\OneDrive\Desktop\hk_web3_quant_bot\data_handler.py", line 23, in update_from_tickers
    symbol = t["symbol"]
             ~^^^^^^^^^^
TypeError: string indices must be integers, not 'str'
2025-11-01 17:41:33,829 ERROR MAIN LOOP ERROR: string indices must be integers, not 'str'
Traceback (most recent call last):
  File "c:\Users\mmw\OneDrive\Desktop\hk_web3_quant_bot\main.py", line 25, in main
    data_handler.update_from_tickers(tickers)
    ~~~~~~~~~~~~~~~~~~~~~~~~~~~~~~~~^^^^^^^^^
  File "c:\Users\mmw\OneDrive\Desktop\hk_web3_quant_bot\data_handler.py", line 23, in update_from_tickers
    symbol = t["symbol"]
             ~^^^^^^^^^^
TypeError: string indices must be integers, not 'str'
2025-11-01 17:42:33,966 ERROR MAIN LOOP ERROR: string indices must be integers, not 'str'
Traceback (most recent call last):
  File "c:\Users\mmw\OneDrive\Desktop\hk_web3_quant_bot\main.py", line 25, in main
    data_handler.update_from_tickers(tickers)
    ~~~~~~~~~~~~~~~~~~~~~~~~~~~~~~~~^^^^^^^^^
  File "c:\Users\mmw\OneDrive\Desktop\hk_web3_quant_bot\data_handler.py", line 23, in update_from_tickers
    symbol = t["symbol"]
             ~^^^^^^^^^^
TypeError: string indices must be integers, not 'str'
2025-11-01 17:43:33,753 ERROR MAIN LOOP ERROR: string indices must be integers, not 'str'
Traceback (most recent call last):
  File "c:\Users\mmw\OneDrive\Desktop\hk_web3_quant_bot\main.py", line 25, in main
    data_handler.update_from_tickers(tickers)
    ~~~~~~~~~~~~~~~~~~~~~~~~~~~~~~~~^^^^^^^^^
  File "c:\Users\mmw\OneDrive\Desktop\hk_web3_quant_bot\data_handler.py", line 23, in update_from_tickers
    symbol = t["symbol"]
             ~^^^^^^^^^^
TypeError: string indices must be integers, not 'str'
2025-11-01 17:44:33,876 ERROR MAIN LOOP ERROR: string indices must be integers, not 'str'
Traceback (most recent call last):
  File "c:\Users\mmw\OneDrive\Desktop\hk_web3_quant_bot\main.py", line 25, in main
    data_handler.update_from_tickers(tickers)
    ~~~~~~~~~~~~~~~~~~~~~~~~~~~~~~~~^^^^^^^^^
  File "c:\Users\mmw\OneDrive\Desktop\hk_web3_quant_bot\data_handler.py", line 23, in update_from_tickers
    symbol = t["symbol"]
             ~^^^^^^^^^^
TypeError: string indices must be integers, not 'str'
2025-11-01 17:45:33,796 ERROR MAIN LOOP ERROR: string indices must be integers, not 'str'
Traceback (most recent call last):
  File "c:\Users\mmw\OneDrive\Desktop\hk_web3_quant_bot\main.py", line 25, in main
    data_handler.update_from_tickers(tickers)
    ~~~~~~~~~~~~~~~~~~~~~~~~~~~~~~~~^^^^^^^^^
  File "c:\Users\mmw\OneDrive\Desktop\hk_web3_quant_bot\data_handler.py", line 23, in update_from_tickers
    """
    
TypeError: string indices must be integers, not 'str'
2025-11-01 17:46:33,788 ERROR MAIN LOOP ERROR: string indices must be integers, not 'str'
Traceback (most recent call last):
  File "c:\Users\mmw\OneDrive\Desktop\hk_web3_quant_bot\main.py", line 25, in main
    if not tickers_resp.get("Success", False):
    ^^^^^^^^^^^^^^^^^^^^^^^^^^^^^^^^^^^^^^^^^
  File "c:\Users\mmw\OneDrive\Desktop\hk_web3_quant_bot\data_handler.py", line 23, in update_from_tickers
    """
    
TypeError: string indices must be integers, not 'str'
2025-11-01 17:47:33,821 ERROR MAIN LOOP ERROR: string indices must be integers, not 'str'
Traceback (most recent call last):
  File "c:\Users\mmw\OneDrive\Desktop\hk_web3_quant_bot\main.py", line 25, in main
    if not tickers_resp.get("Success", False):
    ^^^^^^^^^^^^^^^^^^^^^^^^^^^^^^^^^^^^^^^^^
  File "c:\Users\mmw\OneDrive\Desktop\hk_web3_quant_bot\data_handler.py", line 23, in update_from_tickers
    """
    
TypeError: string indices must be integers, not 'str'
2025-11-01 17:47:49,368 INFO Starting Roostoo Quant Bot ...
2025-11-01 17:47:50,866 INFO No orders this round.
2025-11-01 17:48:50,657 INFO No orders this round.
2025-11-01 17:49:50,692 INFO No orders this round.
2025-11-01 17:50:46,920 INFO Starting Roostoo Quant Bot ...
2025-11-01 17:50:48,037 INFO No orders this round.
2025-11-01 17:51:48,245 INFO No orders this round.
2025-11-01 17:52:48,292 INFO No orders this round.
2025-11-03 19:02:52,463 INFO Starting Roostoo Quant Bot ...
2025-11-03 19:02:53,912 INFO No orders this round.
2025-11-03 19:03:53,781 INFO No orders this round.
2025-11-03 19:04:53,536 INFO No orders this round.
2025-11-03 19:05:53,554 INFO No orders this round.
2025-11-03 19:06:53,641 INFO No orders this round.
2025-11-03 19:20:38,916 INFO Starting Roostoo Quant Bot ...
2025-11-03 19:20:39,860 ERROR MAIN LOOP ERROR: 401 Client Error: Unauthorized for url: https://mock-api.roostoo.com/v3/balance?timestamp=1762168839446
Traceback (most recent call last):
  File "c:\Users\mmw\OneDrive\Desktop\hk_web3_quant_bot\main.py", line 29, in main
    positions, total_equity = client.get_positions_and_equity(prices)
                              ~~~~~~~~~~~~~~~~~~~~~~~~~~~~~~~^^^^^^^^
  File "c:\Users\mmw\OneDrive\Desktop\hk_web3_quant_bot\exchange_client.py", line 74, in get_positions_and_equity
    bal = self.get_balance_raw()
  File "c:\Users\mmw\OneDrive\Desktop\hk_web3_quant_bot\exchange_client.py", line 55, in get_balance_raw
    resp.raise_for_status()
    ~~~~~~~~~~~~~~~~~~~~~^^
  File "C:\Users\mmw\AppData\Local\Programs\Python\Python313\Lib\site-packages\requests\models.py", line 1026, in raise_for_status
    raise HTTPError(http_error_msg, response=self)
requests.exceptions.HTTPError: 401 Client Error: Unauthorized for url: https://mock-api.roostoo.com/v3/balance?timestamp=1762168839446
2025-11-03 19:21:39,949 ERROR MAIN LOOP ERROR: 401 Client Error: Unauthorized for url: https://mock-api.roostoo.com/v3/balance?timestamp=1762168899447
Traceback (most recent call last):
  File "c:\Users\mmw\OneDrive\Desktop\hk_web3_quant_bot\main.py", line 29, in main
    positions, total_equity = client.get_positions_and_equity(prices)
                              ~~~~~~~~~~~~~~~~~~~~~~~~~~~~~~~^^^^^^^^
  File "c:\Users\mmw\OneDrive\Desktop\hk_web3_quant_bot\exchange_client.py", line 74, in get_positions_and_equity
    bal = self.get_balance_raw()
  File "c:\Users\mmw\OneDrive\Desktop\hk_web3_quant_bot\exchange_client.py", line 55, in get_balance_raw
    resp.raise_for_status()
    ~~~~~~~~~~~~~~~~~~~~~^^
  File "C:\Users\mmw\AppData\Local\Programs\Python\Python313\Lib\site-packages\requests\models.py", line 1026, in raise_for_status
    raise HTTPError(http_error_msg, response=self)
requests.exceptions.HTTPError: 401 Client Error: Unauthorized for url: https://mock-api.roostoo.com/v3/balance?timestamp=1762168899447
2025-11-03 19:22:01,424 INFO Starting Roostoo Quant Bot ...
2025-11-03 19:22:07,017 INFO No orders this round.
2025-11-03 19:23:03,833 INFO No orders this round.
2025-11-03 19:24:02,558 INFO No orders this round.
2025-11-03 19:25:02,613 INFO No orders this round.
2025-11-03 19:26:02,933 INFO No orders this round.
2025-11-03 19:27:02,467 INFO No orders this round.
2025-11-03 19:28:02,466 INFO No orders this round.
2025-11-03 20:40:51,385 INFO Starting Roostoo Quant Bot ...
2025-11-03 20:40:52,489 INFO No orders this round.
2025-11-03 21:43:09,984 INFO Starting Roostoo Quant Bot ...
2025-11-03 21:43:49,484 INFO Starting Roostoo Quant Bot ...
2025-11-03 21:44:10,279 INFO Starting Roostoo Quant Bot ...
2025-11-03 21:44:11,217 INFO No orders this round.
2025-11-03 21:45:11,049 INFO No orders this round.
2025-11-03 21:46:10,999 INFO No orders this round.
2025-11-03 21:47:11,001 INFO No orders this round.
2025-11-03 21:48:10,942 INFO No orders this round.
2025-11-03 21:49:11,069 INFO No orders this round.
2025-11-03 21:50:10,941 INFO No orders this round.
2025-11-03 21:56:07,763 ERROR MAIN LOOP ERROR: HTTPSConnectionPool(host='mock-api.roostoo.com', port=443): Max retries exceeded with url: /v3/ticker?timestamp=1762178164511 (Caused by NameResolutionError("<urllib3.connection.HTTPSConnection object at 0x0000017539317110>: Failed to resolve 'mock-api.roostoo.com' ([Errno 11001] getaddrinfo failed)"))
Traceback (most recent call last):
  File "C:\Users\mmw\AppData\Local\Programs\Python\Python313\Lib\site-packages\urllib3\connection.py", line 198, in _new_conn
    sock = connection.create_connection(
        (self._dns_host, self.port),
    ...<2 lines>...
        socket_options=self.socket_options,
    )
  File "C:\Users\mmw\AppData\Local\Programs\Python\Python313\Lib\site-packages\urllib3\util\connection.py", line 60, in create_connection
    for res in socket.getaddrinfo(host, port, family, socket.SOCK_STREAM):
               ~~~~~~~~~~~~~~~~~~^^^^^^^^^^^^^^^^^^^^^^^^^^^^^^^^^^^^^^^^
  File "C:\Users\mmw\AppData\Local\Programs\Python\Python313\Lib\socket.py", line 975, in getaddrinfo
    for res in _socket.getaddrinfo(host, port, family, type, proto, flags):
               ~~~~~~~~~~~~~~~~~~~^^^^^^^^^^^^^^^^^^^^^^^^^^^^^^^^^^^^^^^^
socket.gaierror: [Errno 11001] getaddrinfo failed

The above exception was the direct cause of the following exception:

Traceback (most recent call last):
  File "C:\Users\mmw\AppData\Local\Programs\Python\Python313\Lib\site-packages\urllib3\connectionpool.py", line 787, in urlopen
    response = self._make_request(
        conn,
    ...<10 lines>...
        **response_kw,
    )
  File "C:\Users\mmw\AppData\Local\Programs\Python\Python313\Lib\site-packages\urllib3\connectionpool.py", line 488, in _make_request
    raise new_e
  File "C:\Users\mmw\AppData\Local\Programs\Python\Python313\Lib\site-packages\urllib3\connectionpool.py", line 464, in _make_request
    self._validate_conn(conn)
    ~~~~~~~~~~~~~~~~~~~^^^^^^
  File "C:\Users\mmw\AppData\Local\Programs\Python\Python313\Lib\site-packages\urllib3\connectionpool.py", line 1093, in _validate_conn
    conn.connect()
    ~~~~~~~~~~~~^^
  File "C:\Users\mmw\AppData\Local\Programs\Python\Python313\Lib\site-packages\urllib3\connection.py", line 753, in connect
    self.sock = sock = self._new_conn()
                       ~~~~~~~~~~~~~~^^
  File "C:\Users\mmw\AppData\Local\Programs\Python\Python313\Lib\site-packages\urllib3\connection.py", line 205, in _new_conn
    raise NameResolutionError(self.host, self, e) from e
urllib3.exceptions.NameResolutionError: <urllib3.connection.HTTPSConnection object at 0x0000017539317110>: Failed to resolve 'mock-api.roostoo.com' ([Errno 11001] getaddrinfo failed)

The above exception was the direct cause of the following exception:

Traceback (most recent call last):
  File "C:\Users\mmw\AppData\Local\Programs\Python\Python313\Lib\site-packages\requests\adapters.py", line 667, in send
    resp = conn.urlopen(
        method=request.method,
    ...<9 lines>...
        chunked=chunked,
    )
  File "C:\Users\mmw\AppData\Local\Programs\Python\Python313\Lib\site-packages\urllib3\connectionpool.py", line 841, in urlopen
    retries = retries.increment(
        method, url, error=new_e, _pool=self, _stacktrace=sys.exc_info()[2]
    )
  File "C:\Users\mmw\AppData\Local\Programs\Python\Python313\Lib\site-packages\urllib3\util\retry.py", line 519, in increment
    raise MaxRetryError(_pool, url, reason) from reason  # type: ignore[arg-type]
    ^^^^^^^^^^^^^^^^^^^^^^^^^^^^^^^^^^^^^^^^^^^^^^^^^^^
urllib3.exceptions.MaxRetryError: HTTPSConnectionPool(host='mock-api.roostoo.com', port=443): Max retries exceeded with url: /v3/ticker?timestamp=1762178164511 (Caused by NameResolutionError("<urllib3.connection.HTTPSConnection object at 0x0000017539317110>: Failed to resolve 'mock-api.roostoo.com' ([Errno 11001] getaddrinfo failed)"))

During handling of the above exception, another exception occurred:

Traceback (most recent call last):
  File "c:\Users\mmw\OneDrive\Desktop\hk_web3_quant_bot\main.py", line 25, in main
    tickers_resp = client.get_all_tickers()
  File "c:\Users\mmw\OneDrive\Desktop\hk_web3_quant_bot\exchange_client.py", line 47, in get_all_tickers
    resp = requests.get(url, params=params, timeout=5)
  File "C:\Users\mmw\AppData\Local\Programs\Python\Python313\Lib\site-packages\requests\api.py", line 73, in get
    return request("get", url, params=params, **kwargs)
  File "C:\Users\mmw\AppData\Local\Programs\Python\Python313\Lib\site-packages\requests\api.py", line 59, in request
    return session.request(method=method, url=url, **kwargs)
           ~~~~~~~~~~~~~~~^^^^^^^^^^^^^^^^^^^^^^^^^^^^^^^^^^
  File "C:\Users\mmw\AppData\Local\Programs\Python\Python313\Lib\site-packages\requests\sessions.py", line 589, in request
    resp = self.send(prep, **send_kwargs)
  File "C:\Users\mmw\AppData\Local\Programs\Python\Python313\Lib\site-packages\requests\sessions.py", line 703, in send
    r = adapter.send(request, **kwargs)
  File "C:\Users\mmw\AppData\Local\Programs\Python\Python313\Lib\site-packages\requests\adapters.py", line 700, in send
    raise ConnectionError(e, request=request)
requests.exceptions.ConnectionError: HTTPSConnectionPool(host='mock-api.roostoo.com', port=443): Max retries exceeded with url: /v3/ticker?timestamp=1762178164511 (Caused by NameResolutionError("<urllib3.connection.HTTPSConnection object at 0x0000017539317110>: Failed to resolve 'mock-api.roostoo.com' ([Errno 11001] getaddrinfo failed)"))
2025-11-04 03:50:33,558 ERROR MAIN LOOP ERROR: HTTPSConnectionPool(host='mock-api.roostoo.com', port=443): Max retries exceeded with url: /v3/ticker?timestamp=1762199433261 (Caused by NameResolutionError("<urllib3.connection.HTTPSConnection object at 0x0000017539317D90>: Failed to resolve 'mock-api.roostoo.com' ([Errno 11001] getaddrinfo failed)"))
Traceback (most recent call last):
  File "C:\Users\mmw\AppData\Local\Programs\Python\Python313\Lib\site-packages\urllib3\connection.py", line 198, in _new_conn
    sock = connection.create_connection(
        (self._dns_host, self.port),
    ...<2 lines>...
        socket_options=self.socket_options,
    )
  File "C:\Users\mmw\AppData\Local\Programs\Python\Python313\Lib\site-packages\urllib3\util\connection.py", line 60, in create_connection
    for res in socket.getaddrinfo(host, port, family, socket.SOCK_STREAM):
               ~~~~~~~~~~~~~~~~~~^^^^^^^^^^^^^^^^^^^^^^^^^^^^^^^^^^^^^^^^
  File "C:\Users\mmw\AppData\Local\Programs\Python\Python313\Lib\socket.py", line 975, in getaddrinfo
    for res in _socket.getaddrinfo(host, port, family, type, proto, flags):
               ~~~~~~~~~~~~~~~~~~~^^^^^^^^^^^^^^^^^^^^^^^^^^^^^^^^^^^^^^^^
socket.gaierror: [Errno 11001] getaddrinfo failed

The above exception was the direct cause of the following exception:

Traceback (most recent call last):
  File "C:\Users\mmw\AppData\Local\Programs\Python\Python313\Lib\site-packages\urllib3\connectionpool.py", line 787, in urlopen
    response = self._make_request(
        conn,
    ...<10 lines>...
        **response_kw,
    )
  File "C:\Users\mmw\AppData\Local\Programs\Python\Python313\Lib\site-packages\urllib3\connectionpool.py", line 488, in _make_request
    raise new_e
  File "C:\Users\mmw\AppData\Local\Programs\Python\Python313\Lib\site-packages\urllib3\connectionpool.py", line 464, in _make_request
    self._validate_conn(conn)
    ~~~~~~~~~~~~~~~~~~~^^^^^^
  File "C:\Users\mmw\AppData\Local\Programs\Python\Python313\Lib\site-packages\urllib3\connectionpool.py", line 1093, in _validate_conn
    conn.connect()
    ~~~~~~~~~~~~^^
  File "C:\Users\mmw\AppData\Local\Programs\Python\Python313\Lib\site-packages\urllib3\connection.py", line 753, in connect
    self.sock = sock = self._new_conn()
                       ~~~~~~~~~~~~~~^^
  File "C:\Users\mmw\AppData\Local\Programs\Python\Python313\Lib\site-packages\urllib3\connection.py", line 205, in _new_conn
    raise NameResolutionError(self.host, self, e) from e
urllib3.exceptions.NameResolutionError: <urllib3.connection.HTTPSConnection object at 0x0000017539317D90>: Failed to resolve 'mock-api.roostoo.com' ([Errno 11001] getaddrinfo failed)

The above exception was the direct cause of the following exception:

Traceback (most recent call last):
  File "C:\Users\mmw\AppData\Local\Programs\Python\Python313\Lib\site-packages\requests\adapters.py", line 667, in send
    resp = conn.urlopen(
        method=request.method,
    ...<9 lines>...
        chunked=chunked,
    )
  File "C:\Users\mmw\AppData\Local\Programs\Python\Python313\Lib\site-packages\urllib3\connectionpool.py", line 841, in urlopen
    retries = retries.increment(
        method, url, error=new_e, _pool=self, _stacktrace=sys.exc_info()[2]
    )
  File "C:\Users\mmw\AppData\Local\Programs\Python\Python313\Lib\site-packages\urllib3\util\retry.py", line 519, in increment
    raise MaxRetryError(_pool, url, reason) from reason  # type: ignore[arg-type]
    ^^^^^^^^^^^^^^^^^^^^^^^^^^^^^^^^^^^^^^^^^^^^^^^^^^^
urllib3.exceptions.MaxRetryError: HTTPSConnectionPool(host='mock-api.roostoo.com', port=443): Max retries exceeded with url: /v3/ticker?timestamp=1762199433261 (Caused by NameResolutionError("<urllib3.connection.HTTPSConnection object at 0x0000017539317D90>: Failed to resolve 'mock-api.roostoo.com' ([Errno 11001] getaddrinfo failed)"))

During handling of the above exception, another exception occurred:

Traceback (most recent call last):
  File "c:\Users\mmw\OneDrive\Desktop\hk_web3_quant_bot\main.py", line 25, in main
    tickers_resp = client.get_all_tickers()
  File "c:\Users\mmw\OneDrive\Desktop\hk_web3_quant_bot\exchange_client.py", line 47, in get_all_tickers
    resp = requests.get(url, params=params, timeout=5)
  File "C:\Users\mmw\AppData\Local\Programs\Python\Python313\Lib\site-packages\requests\api.py", line 73, in get
    return request("get", url, params=params, **kwargs)
  File "C:\Users\mmw\AppData\Local\Programs\Python\Python313\Lib\site-packages\requests\api.py", line 59, in request
    return session.request(method=method, url=url, **kwargs)
           ~~~~~~~~~~~~~~~^^^^^^^^^^^^^^^^^^^^^^^^^^^^^^^^^^
  File "C:\Users\mmw\AppData\Local\Programs\Python\Python313\Lib\site-packages\requests\sessions.py", line 589, in request
    resp = self.send(prep, **send_kwargs)
  File "C:\Users\mmw\AppData\Local\Programs\Python\Python313\Lib\site-packages\requests\sessions.py", line 703, in send
    r = adapter.send(request, **kwargs)
  File "C:\Users\mmw\AppData\Local\Programs\Python\Python313\Lib\site-packages\requests\adapters.py", line 700, in send
    raise ConnectionError(e, request=request)
requests.exceptions.ConnectionError: HTTPSConnectionPool(host='mock-api.roostoo.com', port=443): Max retries exceeded with url: /v3/ticker?timestamp=1762199433261 (Caused by NameResolutionError("<urllib3.connection.HTTPSConnection object at 0x0000017539317D90>: Failed to resolve 'mock-api.roostoo.com' ([Errno 11001] getaddrinfo failed)"))
2025-11-04 09:56:27,663 INFO No orders this round.
2025-11-04 09:57:27,928 INFO No orders this round.
2025-11-04 09:58:27,587 INFO No orders this round.
2025-11-04 09:59:27,697 INFO No orders this round.
2025-11-04 10:00:27,758 INFO No orders this round.
2025-11-04 10:01:27,816 INFO No orders this round.
2025-11-04 10:02:27,849 INFO No orders this round.
2025-11-04 10:03:28,072 INFO No orders this round.
2025-11-04 10:04:27,623 INFO No orders this round.
2025-11-04 10:05:27,686 INFO No orders this round.
2025-11-04 10:06:27,964 INFO No orders this round.
2025-11-04 10:07:27,736 INFO No orders this round.
2025-11-04 10:08:27,735 INFO No orders this round.
2025-11-04 10:09:27,694 INFO No orders this round.
2025-11-04 10:10:27,757 INFO No orders this round.
2025-11-04 10:11:27,802 INFO No orders this round.
2025-11-04 10:12:27,608 INFO No orders this round.
2025-11-04 10:13:27,662 INFO No orders this round.
2025-11-04 10:14:27,653 INFO No orders this round.
2025-11-04 10:15:27,746 INFO No orders this round.
2025-11-04 10:16:27,782 INFO No orders this round.
2025-11-04 10:17:27,742 INFO No orders this round.
2025-11-04 10:18:14,613 INFO Starting Roostoo Quant Bot ...
2025-11-04 10:18:15,715 INFO No orders this round.
2025-11-04 12:27:07,626 INFO Starting Roostoo Quant Bot ...
2025-11-04 12:27:09,102 INFO No orders this round.
2025-11-04 12:28:08,763 INFO No orders this round.
2025-11-04 12:29:08,828 INFO No orders this round.
2025-11-04 12:30:08,640 INFO No orders this round.
2025-11-04 12:31:08,784 INFO No orders this round.
2025-11-04 12:32:08,800 INFO No orders this round.
2025-11-04 12:33:08,795 INFO No orders this round.
2025-11-04 12:34:08,747 INFO No orders this round.
2025-11-04 12:35:08,745 INFO No orders this round.
2025-11-04 12:36:08,799 INFO No orders this round.
2025-11-04 12:37:08,710 INFO No orders this round.
2025-11-04 12:38:08,837 INFO No orders this round.
2025-11-04 12:39:08,825 INFO No orders this round.
2025-11-04 12:40:08,897 INFO No orders this round.
2025-11-04 12:41:08,757 INFO No orders this round.
2025-11-04 12:42:08,914 INFO No orders this round.
2025-11-04 12:43:08,919 INFO No orders this round.
2025-11-04 12:44:08,741 INFO No orders this round.
2025-11-04 12:45:08,839 INFO No orders this round.
2025-11-04 12:46:08,797 INFO No orders this round.
2025-11-04 12:47:08,790 INFO No orders this round.
2025-11-04 12:48:08,686 INFO No orders this round.
2025-11-04 12:49:08,743 INFO No orders this round.
2025-11-04 12:50:08,857 INFO No orders this round.
2025-11-04 12:51:08,869 INFO No orders this round.
2025-11-04 12:52:08,758 INFO No orders this round.
2025-11-04 12:53:09,019 INFO No orders this round.
2025-11-04 12:54:08,887 INFO No orders this round.
2025-11-04 12:55:08,671 INFO No orders this round.
2025-11-04 12:56:08,782 INFO No orders this round.
2025-11-04 12:57:08,767 INFO No orders this round.
2025-11-04 12:58:08,854 INFO No orders this round.
2025-11-04 12:59:08,743 INFO No orders this round.
2025-11-04 13:00:08,806 INFO No orders this round.
2025-11-04 13:01:08,705 INFO No orders this round.
2025-11-04 13:02:08,738 INFO No orders this round.
2025-11-04 13:03:08,789 INFO No orders this round.
2025-11-04 13:04:08,874 INFO No orders this round.
2025-11-04 13:05:08,814 INFO No orders this round.
2025-11-04 13:06:08,702 INFO No orders this round.
2025-11-04 13:07:08,641 INFO No orders this round.
2025-11-04 13:08:08,721 INFO No orders this round.
2025-11-04 13:09:08,849 INFO No orders this round.
2025-11-04 13:10:08,833 INFO No orders this round.
2025-11-04 13:11:08,754 INFO No orders this round.
2025-11-04 13:12:08,706 INFO No orders this round.
2025-11-04 13:13:08,734 INFO No orders this round.
2025-11-04 13:14:08,893 INFO No orders this round.
2025-11-04 13:15:08,818 INFO No orders this round.
2025-11-04 13:16:09,382 INFO No orders this round.
2025-11-04 13:17:08,908 INFO No orders this round.
2025-11-04 13:18:08,840 INFO No orders this round.
2025-11-04 13:19:08,917 INFO No orders this round.
2025-11-04 13:20:08,785 INFO No orders this round.
2025-11-04 13:21:08,864 INFO No orders this round.
2025-11-04 13:22:08,653 INFO No orders this round.
2025-11-04 13:23:08,886 INFO No orders this round.
2025-11-04 13:24:08,831 INFO No orders this round.
2025-11-04 13:25:08,747 INFO No orders this round.
2025-11-04 13:26:08,854 INFO No orders this round.
2025-11-04 13:27:08,815 INFO No orders this round.
2025-11-04 13:28:08,783 INFO No orders this round.
2025-11-04 13:29:08,786 INFO No orders this round.
2025-11-04 13:30:09,022 INFO No orders this round.
2025-11-04 13:31:09,289 INFO No orders this round.
2025-11-04 13:32:08,968 INFO No orders this round.
2025-11-04 13:33:08,932 INFO No orders this round.
2025-11-04 13:34:08,849 INFO No orders this round.
2025-11-04 13:35:09,073 INFO No orders this round.
2025-11-04 13:36:08,834 INFO No orders this round.
2025-11-04 13:37:08,916 INFO No orders this round.
2025-11-04 13:38:08,752 INFO No orders this round.
2025-11-04 13:39:09,022 INFO No orders this round.
2025-11-04 13:40:08,715 INFO No orders this round.
2025-11-04 13:41:08,835 INFO No orders this round.
2025-11-04 13:42:08,773 INFO No orders this round.
2025-11-04 13:43:08,701 INFO No orders this round.
2025-11-04 13:44:08,798 INFO No orders this round.
2025-11-04 13:45:08,850 INFO No orders this round.
2025-11-04 13:46:08,720 INFO No orders this round.
2025-11-04 13:47:08,930 INFO No orders this round.
2025-11-04 13:48:08,867 INFO No orders this round.
2025-11-04 13:49:08,894 INFO No orders this round.
2025-11-04 13:50:08,770 INFO No orders this round.
2025-11-04 13:51:08,976 INFO No orders this round.
2025-11-04 13:52:08,799 INFO No orders this round.
2025-11-04 13:53:08,802 INFO No orders this round.
2025-11-04 13:54:08,899 INFO No orders this round.
2025-11-04 13:55:08,782 INFO No orders this round.
2025-11-04 13:56:08,832 INFO No orders this round.
2025-11-04 13:57:08,723 INFO No orders this round.
2025-11-04 13:58:08,843 INFO No orders this round.
2025-11-04 13:59:09,033 INFO No orders this round.
2025-11-04 14:00:09,009 INFO No orders this round.
2025-11-04 14:01:08,753 INFO No orders this round.
2025-11-04 14:02:08,812 INFO No orders this round.
2025-11-04 14:03:08,706 INFO No orders this round.
2025-11-04 14:04:08,923 INFO No orders this round.
2025-11-04 14:05:08,849 INFO No orders this round.
2025-11-04 14:06:08,737 INFO No orders this round.
2025-11-04 14:07:08,946 INFO No orders this round.
2025-11-04 14:08:08,955 INFO No orders this round.
2025-11-04 14:09:08,888 INFO No orders this round.
2025-11-04 14:10:08,741 INFO No orders this round.
2025-11-04 14:11:08,954 INFO No orders this round.
2025-11-04 14:12:08,865 INFO No orders this round.
2025-11-04 14:13:08,681 INFO No orders this round.
2025-11-04 14:14:08,902 INFO No orders this round.
2025-11-04 14:15:08,820 INFO No orders this round.
2025-11-04 14:16:08,869 INFO No orders this round.
2025-11-04 14:17:08,905 INFO No orders this round.
2025-11-04 14:18:08,983 INFO No orders this round.
2025-11-04 14:19:09,016 INFO No orders this round.
2025-11-04 14:20:08,871 INFO No orders this round.
2025-11-04 14:21:08,804 INFO No orders this round.
2025-11-04 14:22:08,973 INFO No orders this round.
2025-11-04 14:23:08,978 INFO No orders this round.
2025-11-04 14:24:08,852 INFO No orders this round.
2025-11-04 14:25:08,871 INFO No orders this round.
2025-11-04 14:26:08,737 INFO No orders this round.
2025-11-04 14:27:08,930 INFO No orders this round.
2025-11-04 14:28:08,753 INFO No orders this round.
2025-11-04 14:29:08,830 INFO No orders this round.
2025-11-04 14:30:08,899 INFO No orders this round.
2025-11-04 14:31:09,065 INFO No orders this round.
2025-11-04 14:32:08,887 INFO No orders this round.
2025-11-04 14:33:08,951 INFO No orders this round.
2025-11-04 14:34:08,887 INFO No orders this round.
2025-11-04 14:35:08,848 INFO No orders this round.
2025-11-04 14:36:08,721 INFO No orders this round.
2025-11-04 14:37:08,864 INFO No orders this round.
2025-11-04 14:38:08,992 INFO No orders this round.
2025-11-04 14:39:08,912 INFO No orders this round.
2025-11-04 14:40:09,014 INFO No orders this round.
2025-11-04 14:41:08,927 INFO No orders this round.
2025-11-04 14:42:08,896 INFO No orders this round.
2025-11-04 14:43:08,715 INFO No orders this round.
2025-11-04 14:44:09,037 INFO No orders this round.
2025-11-04 14:45:08,906 INFO No orders this round.
2025-11-04 14:46:08,947 INFO No orders this round.
2025-11-04 14:47:08,796 INFO No orders this round.
2025-11-04 14:48:08,985 INFO No orders this round.
2025-11-04 14:49:08,961 INFO No orders this round.
2025-11-04 14:50:08,957 INFO No orders this round.
2025-11-04 14:51:08,975 INFO No orders this round.
2025-11-04 14:52:08,929 INFO No orders this round.
2025-11-04 14:53:15,965 INFO No orders this round.
2025-11-04 14:54:27,733 ERROR MAIN LOOP ERROR: HTTPSConnectionPool(host='mock-api.roostoo.com', port=443): Max retries exceeded with url: /v3/ticker?timestamp=1762239247695 (Caused by ConnectTimeoutError(<urllib3.connection.HTTPSConnection object at 0x00000242D2577110>, 'Connection to mock-api.roostoo.com timed out. (connect timeout=5)'))
Traceback (most recent call last):
  File "C:\Users\mmw\AppData\Local\Programs\Python\Python313\Lib\site-packages\urllib3\connection.py", line 198, in _new_conn
    sock = connection.create_connection(
        (self._dns_host, self.port),
    ...<2 lines>...
        socket_options=self.socket_options,
    )
  File "C:\Users\mmw\AppData\Local\Programs\Python\Python313\Lib\site-packages\urllib3\util\connection.py", line 85, in create_connection
    raise err
  File "C:\Users\mmw\AppData\Local\Programs\Python\Python313\Lib\site-packages\urllib3\util\connection.py", line 73, in create_connection
    sock.connect(sa)
    ~~~~~~~~~~~~^^^^
TimeoutError: timed out

The above exception was the direct cause of the following exception:

Traceback (most recent call last):
  File "C:\Users\mmw\AppData\Local\Programs\Python\Python313\Lib\site-packages\urllib3\connectionpool.py", line 787, in urlopen
    response = self._make_request(
        conn,
    ...<10 lines>...
        **response_kw,
    )
  File "C:\Users\mmw\AppData\Local\Programs\Python\Python313\Lib\site-packages\urllib3\connectionpool.py", line 488, in _make_request
    raise new_e
  File "C:\Users\mmw\AppData\Local\Programs\Python\Python313\Lib\site-packages\urllib3\connectionpool.py", line 464, in _make_request
    self._validate_conn(conn)
    ~~~~~~~~~~~~~~~~~~~^^^^^^
  File "C:\Users\mmw\AppData\Local\Programs\Python\Python313\Lib\site-packages\urllib3\connectionpool.py", line 1093, in _validate_conn
    conn.connect()
    ~~~~~~~~~~~~^^
  File "C:\Users\mmw\AppData\Local\Programs\Python\Python313\Lib\site-packages\urllib3\connection.py", line 753, in connect
    self.sock = sock = self._new_conn()
                       ~~~~~~~~~~~~~~^^
  File "C:\Users\mmw\AppData\Local\Programs\Python\Python313\Lib\site-packages\urllib3\connection.py", line 207, in _new_conn
    raise ConnectTimeoutError(
    ...<2 lines>...
    ) from e
urllib3.exceptions.ConnectTimeoutError: (<urllib3.connection.HTTPSConnection object at 0x00000242D2577110>, 'Connection to mock-api.roostoo.com timed out. (connect timeout=5)')

The above exception was the direct cause of the following exception:

Traceback (most recent call last):
  File "C:\Users\mmw\AppData\Local\Programs\Python\Python313\Lib\site-packages\requests\adapters.py", line 667, in send
    resp = conn.urlopen(
        method=request.method,
    ...<9 lines>...
        chunked=chunked,
    )
  File "C:\Users\mmw\AppData\Local\Programs\Python\Python313\Lib\site-packages\urllib3\connectionpool.py", line 841, in urlopen
    retries = retries.increment(
        method, url, error=new_e, _pool=self, _stacktrace=sys.exc_info()[2]
    )
  File "C:\Users\mmw\AppData\Local\Programs\Python\Python313\Lib\site-packages\urllib3\util\retry.py", line 519, in increment
    raise MaxRetryError(_pool, url, reason) from reason  # type: ignore[arg-type]
    ^^^^^^^^^^^^^^^^^^^^^^^^^^^^^^^^^^^^^^^^^^^^^^^^^^^
urllib3.exceptions.MaxRetryError: HTTPSConnectionPool(host='mock-api.roostoo.com', port=443): Max retries exceeded with url: /v3/ticker?timestamp=1762239247695 (Caused by ConnectTimeoutError(<urllib3.connection.HTTPSConnection object at 0x00000242D2577110>, 'Connection to mock-api.roostoo.com timed out. (connect timeout=5)'))

During handling of the above exception, another exception occurred:

Traceback (most recent call last):
  File "c:\Users\mmw\OneDrive\Desktop\hk_web3_quant_bot\main.py", line 25, in main
    tickers_resp = client.get_all_tickers()
  File "c:\Users\mmw\OneDrive\Desktop\hk_web3_quant_bot\exchange_client.py", line 47, in get_all_tickers
    resp = requests.get(url, params=params, timeout=5)
  File "C:\Users\mmw\AppData\Local\Programs\Python\Python313\Lib\site-packages\requests\api.py", line 73, in get
    return request("get", url, params=params, **kwargs)
  File "C:\Users\mmw\AppData\Local\Programs\Python\Python313\Lib\site-packages\requests\api.py", line 59, in request
    return session.request(method=method, url=url, **kwargs)
           ~~~~~~~~~~~~~~~^^^^^^^^^^^^^^^^^^^^^^^^^^^^^^^^^^
  File "C:\Users\mmw\AppData\Local\Programs\Python\Python313\Lib\site-packages\requests\sessions.py", line 589, in request
    resp = self.send(prep, **send_kwargs)
  File "C:\Users\mmw\AppData\Local\Programs\Python\Python313\Lib\site-packages\requests\sessions.py", line 703, in send
    r = adapter.send(request, **kwargs)
  File "C:\Users\mmw\AppData\Local\Programs\Python\Python313\Lib\site-packages\requests\adapters.py", line 688, in send
    raise ConnectTimeout(e, request=request)
requests.exceptions.ConnectTimeout: HTTPSConnectionPool(host='mock-api.roostoo.com', port=443): Max retries exceeded with url: /v3/ticker?timestamp=1762239247695 (Caused by ConnectTimeoutError(<urllib3.connection.HTTPSConnection object at 0x00000242D2577110>, 'Connection to mock-api.roostoo.com timed out. (connect timeout=5)'))
2025-11-04 14:55:08,910 INFO No orders this round.
2025-11-04 14:56:08,814 INFO No orders this round.
2025-11-04 14:57:08,976 INFO No orders this round.
2025-11-04 14:58:08,902 INFO No orders this round.
2025-11-04 14:59:08,901 INFO No orders this round.
2025-11-04 15:00:08,901 INFO No orders this round.
2025-11-04 15:01:08,964 INFO No orders this round.
2025-11-04 15:02:08,918 INFO No orders this round.
2025-11-04 15:03:09,077 INFO No orders this round.
2025-11-04 15:04:08,774 INFO No orders this round.
2025-11-04 15:05:08,861 INFO No orders this round.
2025-11-04 15:06:08,922 INFO No orders this round.
2025-11-04 15:07:08,750 INFO No orders this round.
2025-11-04 15:08:08,843 INFO No orders this round.
2025-11-04 15:09:08,880 INFO No orders this round.
2025-11-04 15:10:08,935 INFO No orders this round.
2025-11-04 15:11:08,853 INFO No orders this round.
2025-11-04 15:12:08,872 INFO No orders this round.
2025-11-04 15:13:08,792 INFO No orders this round.
2025-11-04 15:14:08,818 INFO No orders this round.
2025-11-04 15:15:08,855 INFO No orders this round.
2025-11-04 15:16:08,898 INFO No orders this round.
2025-11-04 15:17:08,889 INFO No orders this round.
2025-11-04 15:18:08,892 INFO No orders this round.
2025-11-04 15:19:08,944 INFO No orders this round.
2025-11-04 15:20:08,699 INFO No orders this round.
2025-11-04 15:21:08,811 INFO No orders this round.
2025-11-04 15:22:08,793 INFO No orders this round.
2025-11-04 15:23:08,910 INFO No orders this round.
2025-11-04 15:24:08,714 INFO No orders this round.
2025-11-04 15:25:08,844 INFO No orders this round.
2025-11-04 15:26:08,795 INFO No orders this round.
2025-11-04 15:27:08,903 INFO No orders this round.
2025-11-04 15:28:09,016 INFO No orders this round.
2025-11-04 15:29:09,202 INFO No orders this round.
2025-11-04 15:30:08,736 INFO No orders this round.
2025-11-04 15:31:08,846 INFO No orders this round.
2025-11-04 15:32:08,967 INFO No orders this round.
2025-11-04 15:33:08,795 INFO No orders this round.
2025-11-04 15:34:08,965 INFO No orders this round.
2025-11-04 15:35:08,780 INFO No orders this round.
2025-11-04 15:36:09,471 INFO No orders this round.
2025-11-04 15:37:08,812 INFO No orders this round.
2025-11-04 15:38:13,934 INFO No orders this round.
2025-11-04 15:39:08,765 INFO No orders this round.
2025-11-04 15:40:08,846 INFO No orders this round.
2025-11-04 15:41:08,951 INFO No orders this round.
2025-11-04 15:42:08,866 INFO No orders this round.
2025-11-04 15:43:08,966 INFO No orders this round.
2025-11-04 15:44:08,735 INFO No orders this round.
2025-11-04 15:45:08,895 INFO No orders this round.
2025-11-04 15:46:08,891 INFO No orders this round.
2025-11-04 15:47:08,849 INFO No orders this round.
2025-11-04 15:48:08,809 INFO No orders this round.
2025-11-04 15:49:08,883 INFO No orders this round.
2025-11-04 15:50:08,837 INFO No orders this round.
2025-11-04 15:51:08,965 INFO No orders this round.
2025-11-04 15:52:08,783 INFO No orders this round.
2025-11-04 15:53:09,000 INFO No orders this round.
2025-11-04 15:54:08,786 INFO No orders this round.
2025-11-04 15:55:08,844 INFO No orders this round.
2025-11-04 15:56:08,846 INFO No orders this round.
2025-11-04 15:57:08,885 INFO No orders this round.
2025-11-04 15:58:09,071 INFO No orders this round.
2025-11-04 15:59:08,989 INFO No orders this round.
2025-11-04 16:00:08,798 INFO No orders this round.
2025-11-04 16:01:08,949 INFO No orders this round.
2025-11-04 16:02:08,805 INFO No orders this round.
2025-11-04 16:03:08,978 INFO No orders this round.
2025-11-04 16:04:08,836 INFO No orders this round.
2025-11-04 16:05:09,044 INFO No orders this round.
2025-11-04 16:06:08,884 INFO No orders this round.
2025-11-04 16:07:08,771 INFO No orders this round.
2025-11-04 16:08:08,694 INFO No orders this round.
2025-11-04 16:09:08,934 INFO No orders this round.
2025-11-04 16:10:09,376 INFO No orders this round.
2025-11-04 16:11:09,006 INFO No orders this round.
2025-11-04 16:12:08,829 INFO No orders this round.
2025-11-04 16:13:08,892 INFO No orders this round.
2025-11-04 16:14:08,770 INFO No orders this round.
2025-11-04 16:15:08,806 INFO No orders this round.
2025-11-04 16:16:08,955 INFO No orders this round.
2025-11-04 16:17:09,066 INFO No orders this round.
2025-11-04 16:18:08,792 INFO No orders this round.
2025-11-04 16:19:08,838 INFO No orders this round.
2025-11-04 16:20:08,747 INFO No orders this round.
2025-11-04 16:21:09,057 INFO No orders this round.
2025-11-04 16:22:08,898 INFO No orders this round.
2025-11-04 16:23:08,806 INFO No orders this round.
2025-11-04 16:24:08,944 INFO No orders this round.
2025-11-04 16:25:08,794 INFO No orders this round.
2025-11-04 16:26:08,983 INFO No orders this round.
2025-11-04 16:27:08,975 INFO No orders this round.
2025-11-04 16:28:09,036 INFO No orders this round.
2025-11-04 16:29:09,030 INFO No orders this round.
2025-11-04 16:30:08,841 INFO No orders this round.
2025-11-04 16:31:08,913 INFO No orders this round.
2025-11-04 16:32:08,950 INFO No orders this round.
2025-11-04 16:33:08,985 INFO No orders this round.
2025-11-04 16:34:08,855 INFO No orders this round.
2025-11-04 16:35:08,794 INFO No orders this round.
2025-11-04 16:36:08,912 INFO No orders this round.
2025-11-04 16:37:08,961 INFO No orders this round.
2025-11-04 16:38:08,799 INFO No orders this round.
2025-11-04 16:39:09,040 INFO No orders this round.
2025-11-04 16:40:08,834 INFO No orders this round.
2025-11-04 16:41:09,125 INFO No orders this round.
2025-11-04 16:42:08,758 INFO No orders this round.
2025-11-04 16:43:09,071 INFO No orders this round.
2025-11-04 16:44:08,784 INFO No orders this round.
2025-11-04 16:45:08,950 INFO No orders this round.
2025-11-04 16:46:09,016 INFO No orders this round.
2025-11-04 16:47:08,715 INFO No orders this round.
2025-11-04 16:48:08,859 INFO No orders this round.
2025-11-04 16:49:09,021 INFO No orders this round.
2025-11-04 16:50:08,826 INFO No orders this round.
2025-11-04 16:51:08,882 INFO No orders this round.
2025-11-04 16:52:12,876 ERROR MAIN LOOP ERROR: HTTPSConnectionPool(host='mock-api.roostoo.com', port=443): Read timed out. (read timeout=5)
Traceback (most recent call last):
  File "C:\Users\mmw\AppData\Local\Programs\Python\Python313\Lib\site-packages\urllib3\connectionpool.py", line 464, in _make_request
    self._validate_conn(conn)
    ~~~~~~~~~~~~~~~~~~~^^^^^^
  File "C:\Users\mmw\AppData\Local\Programs\Python\Python313\Lib\site-packages\urllib3\connectionpool.py", line 1093, in _validate_conn
    conn.connect()
    ~~~~~~~~~~~~^^
  File "C:\Users\mmw\AppData\Local\Programs\Python\Python313\Lib\site-packages\urllib3\connection.py", line 790, in connect
    sock_and_verified = _ssl_wrap_socket_and_match_hostname(
        sock=sock,
    ...<14 lines>...
        assert_fingerprint=self.assert_fingerprint,
    )
  File "C:\Users\mmw\AppData\Local\Programs\Python\Python313\Lib\site-packages\urllib3\connection.py", line 969, in _ssl_wrap_socket_and_match_hostname
    ssl_sock = ssl_wrap_socket(
        sock=sock,
    ...<8 lines>...
        tls_in_tls=tls_in_tls,
    )
  File "C:\Users\mmw\AppData\Local\Programs\Python\Python313\Lib\site-packages\urllib3\util\ssl_.py", line 480, in ssl_wrap_socket
    ssl_sock = _ssl_wrap_socket_impl(sock, context, tls_in_tls, server_hostname)
  File "C:\Users\mmw\AppData\Local\Programs\Python\Python313\Lib\site-packages\urllib3\util\ssl_.py", line 524, in _ssl_wrap_socket_impl
    return ssl_context.wrap_socket(sock, server_hostname=server_hostname)
           ~~~~~~~~~~~~~~~~~~~~~~~^^^^^^^^^^^^^^^^^^^^^^^^^^^^^^^^^^^^^^^
  File "C:\Users\mmw\AppData\Local\Programs\Python\Python313\Lib\ssl.py", line 455, in wrap_socket
    return self.sslsocket_class._create(
           ~~~~~~~~~~~~~~~~~~~~~~~~~~~~^
        sock=sock,
        ^^^^^^^^^^
    ...<5 lines>...
        session=session
        ^^^^^^^^^^^^^^^
    )
    ^
  File "C:\Users\mmw\AppData\Local\Programs\Python\Python313\Lib\ssl.py", line 1076, in _create
    self.do_handshake()
    ~~~~~~~~~~~~~~~~~^^
  File "C:\Users\mmw\AppData\Local\Programs\Python\Python313\Lib\ssl.py", line 1372, in do_handshake
    self._sslobj.do_handshake()
    ~~~~~~~~~~~~~~~~~~~~~~~~~^^
TimeoutError: _ssl.c:1001: The handshake operation timed out

The above exception was the direct cause of the following exception:

Traceback (most recent call last):
  File "C:\Users\mmw\AppData\Local\Programs\Python\Python313\Lib\site-packages\requests\adapters.py", line 667, in send
    resp = conn.urlopen(
        method=request.method,
    ...<9 lines>...
        chunked=chunked,
    )
  File "C:\Users\mmw\AppData\Local\Programs\Python\Python313\Lib\site-packages\urllib3\connectionpool.py", line 841, in urlopen
    retries = retries.increment(
        method, url, error=new_e, _pool=self, _stacktrace=sys.exc_info()[2]
    )
  File "C:\Users\mmw\AppData\Local\Programs\Python\Python313\Lib\site-packages\urllib3\util\retry.py", line 474, in increment
    raise reraise(type(error), error, _stacktrace)
          ~~~~~~~^^^^^^^^^^^^^^^^^^^^^^^^^^^^^^^^^
  File "C:\Users\mmw\AppData\Local\Programs\Python\Python313\Lib\site-packages\urllib3\util\util.py", line 39, in reraise
    raise value
  File "C:\Users\mmw\AppData\Local\Programs\Python\Python313\Lib\site-packages\urllib3\connectionpool.py", line 787, in urlopen
    response = self._make_request(
        conn,
    ...<10 lines>...
        **response_kw,
    )
  File "C:\Users\mmw\AppData\Local\Programs\Python\Python313\Lib\site-packages\urllib3\connectionpool.py", line 488, in _make_request
    raise new_e
  File "C:\Users\mmw\AppData\Local\Programs\Python\Python313\Lib\site-packages\urllib3\connectionpool.py", line 466, in _make_request
    self._raise_timeout(err=e, url=url, timeout_value=conn.timeout)
    ~~~~~~~~~~~~~~~~~~~^^^^^^^^^^^^^^^^^^^^^^^^^^^^^^^^^^^^^^^^^^^^
  File "C:\Users\mmw\AppData\Local\Programs\Python\Python313\Lib\site-packages\urllib3\connectionpool.py", line 367, in _raise_timeout
    raise ReadTimeoutError(
        self, url, f"Read timed out. (read timeout={timeout_value})"
    ) from err
urllib3.exceptions.ReadTimeoutError: HTTPSConnectionPool(host='mock-api.roostoo.com', port=443): Read timed out. (read timeout=5)

During handling of the above exception, another exception occurred:

Traceback (most recent call last):
  File "c:\Users\mmw\OneDrive\Desktop\hk_web3_quant_bot\main.py", line 25, in main
    tickers_resp = client.get_all_tickers()
  File "c:\Users\mmw\OneDrive\Desktop\hk_web3_quant_bot\exchange_client.py", line 47, in get_all_tickers
    resp = requests.get(url, params=params, timeout=5)
  File "C:\Users\mmw\AppData\Local\Programs\Python\Python313\Lib\site-packages\requests\api.py", line 73, in get
    return request("get", url, params=params, **kwargs)
  File "C:\Users\mmw\AppData\Local\Programs\Python\Python313\Lib\site-packages\requests\api.py", line 59, in request
    return session.request(method=method, url=url, **kwargs)
           ~~~~~~~~~~~~~~~^^^^^^^^^^^^^^^^^^^^^^^^^^^^^^^^^^
  File "C:\Users\mmw\AppData\Local\Programs\Python\Python313\Lib\site-packages\requests\sessions.py", line 589, in request
    resp = self.send(prep, **send_kwargs)
  File "C:\Users\mmw\AppData\Local\Programs\Python\Python313\Lib\site-packages\requests\sessions.py", line 703, in send
    r = adapter.send(request, **kwargs)
  File "C:\Users\mmw\AppData\Local\Programs\Python\Python313\Lib\site-packages\requests\adapters.py", line 713, in send
    raise ReadTimeout(e, request=request)
requests.exceptions.ReadTimeout: HTTPSConnectionPool(host='mock-api.roostoo.com', port=443): Read timed out. (read timeout=5)
2025-11-04 16:53:09,028 INFO No orders this round.
2025-11-04 16:54:08,924 INFO No orders this round.
2025-11-04 16:55:09,000 INFO No orders this round.
2025-11-04 16:56:08,898 INFO No orders this round.
2025-11-04 16:57:09,111 INFO No orders this round.
2025-11-04 16:58:08,797 INFO No orders this round.
2025-11-04 16:59:08,872 INFO No orders this round.
2025-11-04 17:00:08,999 INFO No orders this round.
2025-11-04 17:01:08,721 INFO No orders this round.
2025-11-04 17:02:08,795 INFO No orders this round.
2025-11-04 17:03:08,926 INFO No orders this round.
2025-11-04 17:04:09,021 INFO No orders this round.
2025-11-04 17:05:08,841 INFO No orders this round.
2025-11-04 17:06:08,777 INFO No orders this round.
2025-11-04 17:07:08,941 INFO No orders this round.
2025-11-04 17:08:08,786 INFO No orders this round.
2025-11-04 17:09:08,779 INFO No orders this round.
2025-11-04 17:10:09,201 INFO No orders this round.
2025-11-04 17:11:08,910 INFO No orders this round.
2025-11-04 17:12:08,692 INFO No orders this round.
2025-11-04 17:13:08,788 INFO No orders this round.
2025-11-04 17:14:09,019 INFO No orders this round.
2025-11-04 17:15:08,942 INFO No orders this round.
2025-11-04 17:16:08,928 INFO No orders this round.
2025-11-04 17:17:08,828 INFO No orders this round.
2025-11-04 17:18:08,856 INFO No orders this round.
2025-11-04 17:19:08,816 INFO No orders this round.
2025-11-04 17:20:08,920 INFO No orders this round.
2025-11-04 17:21:08,944 INFO No orders this round.
2025-11-04 17:22:08,756 INFO No orders this round.
2025-11-04 17:23:08,965 INFO No orders this round.
2025-11-04 17:24:09,021 INFO No orders this round.
2025-11-04 17:25:08,763 INFO No orders this round.
2025-11-04 17:26:08,987 INFO No orders this round.
2025-11-04 17:27:08,810 INFO No orders this round.
2025-11-04 17:28:08,705 INFO No orders this round.
2025-11-04 17:29:08,698 INFO No orders this round.
2025-11-04 17:30:08,968 INFO No orders this round.
2025-11-04 17:31:08,802 INFO No orders this round.
2025-11-04 17:32:08,841 INFO No orders this round.
2025-11-04 17:33:08,848 INFO No orders this round.
2025-11-04 17:34:09,047 INFO No orders this round.
2025-11-04 17:35:08,973 INFO No orders this round.
2025-11-04 17:36:08,914 INFO No orders this round.
2025-11-04 17:37:08,775 INFO No orders this round.
2025-11-04 17:38:09,006 INFO No orders this round.
2025-11-04 17:39:08,779 INFO No orders this round.
2025-11-04 17:40:08,811 INFO No orders this round.
2025-11-04 17:41:08,811 INFO No orders this round.
2025-11-04 17:42:08,980 INFO No orders this round.
2025-11-04 17:43:08,898 INFO No orders this round.
2025-11-04 17:44:09,006 INFO No orders this round.
2025-11-04 17:45:08,754 INFO No orders this round.
2025-11-04 17:46:08,782 INFO No orders this round.
2025-11-04 17:47:08,832 INFO No orders this round.
2025-11-04 17:48:08,925 INFO No orders this round.
2025-11-04 17:49:08,826 INFO No orders this round.
2025-11-04 17:50:08,974 INFO No orders this round.
2025-11-04 17:51:08,971 INFO No orders this round.
2025-11-04 17:52:08,857 INFO No orders this round.
2025-11-04 17:53:09,196 INFO No orders this round.
2025-11-04 17:54:09,009 INFO No orders this round.
2025-11-04 17:55:08,809 INFO No orders this round.
2025-11-04 17:56:08,798 INFO No orders this round.
2025-11-04 17:57:08,915 INFO No orders this round.
2025-11-04 17:58:08,890 INFO No orders this round.
2025-11-04 17:59:08,996 INFO No orders this round.
2025-11-04 18:00:08,843 INFO No orders this round.
2025-11-04 18:01:08,858 INFO No orders this round.
2025-11-04 18:02:09,008 INFO No orders this round.
2025-11-04 18:03:08,901 INFO No orders this round.
2025-11-04 18:04:09,085 INFO No orders this round.
2025-11-04 18:05:08,995 INFO No orders this round.
2025-11-04 18:06:08,857 INFO No orders this round.
2025-11-04 18:07:08,780 INFO No orders this round.
2025-11-04 18:08:09,101 INFO No orders this round.
2025-11-04 18:09:09,084 INFO No orders this round.
2025-11-04 18:10:08,924 INFO No orders this round.
2025-11-04 18:11:08,834 INFO No orders this round.
2025-11-04 18:12:08,836 INFO No orders this round.
2025-11-04 18:13:08,864 INFO No orders this round.
2025-11-04 18:14:08,788 INFO No orders this round.
2025-11-04 18:15:08,795 INFO No orders this round.
2025-11-04 18:16:09,008 INFO No orders this round.
2025-11-04 18:17:08,964 INFO No orders this round.
2025-11-04 18:18:09,062 INFO No orders this round.
2025-11-04 18:19:08,961 INFO No orders this round.
2025-11-04 18:20:08,867 INFO No orders this round.
2025-11-04 18:21:08,840 INFO No orders this round.
2025-11-04 18:22:08,783 INFO No orders this round.
2025-11-04 18:23:08,949 INFO No orders this round.
2025-11-04 18:24:08,933 INFO No orders this round.
2025-11-04 18:25:08,789 INFO No orders this round.
2025-11-04 18:26:08,921 INFO No orders this round.
2025-11-04 18:27:08,965 INFO No orders this round.
2025-11-04 18:28:08,953 INFO No orders this round.
2025-11-04 18:29:08,852 INFO No orders this round.
2025-11-04 18:30:09,018 INFO No orders this round.
2025-11-04 18:31:08,877 INFO No orders this round.
2025-11-04 18:32:08,918 INFO No orders this round.
2025-11-04 18:33:08,946 INFO No orders this round.
2025-11-04 18:34:09,104 INFO No orders this round.
2025-11-04 18:35:08,814 INFO No orders this round.
2025-11-04 18:36:08,958 INFO No orders this round.
2025-11-04 18:37:08,956 INFO No orders this round.
2025-11-04 18:38:09,020 INFO No orders this round.
2025-11-04 18:39:08,882 INFO No orders this round.
2025-11-04 18:40:09,038 INFO No orders this round.
2025-11-04 18:41:08,933 INFO No orders this round.
2025-11-04 18:42:08,954 INFO No orders this round.
2025-11-04 18:43:08,978 INFO No orders this round.
2025-11-04 18:44:09,035 INFO No orders this round.
2025-11-04 18:45:08,973 INFO No orders this round.
2025-11-04 18:46:09,048 INFO No orders this round.
2025-11-04 18:47:09,016 INFO No orders this round.
2025-11-04 18:48:08,865 INFO No orders this round.
2025-11-04 18:49:09,037 INFO No orders this round.
2025-11-04 18:50:08,784 INFO No orders this round.
2025-11-04 18:51:09,092 INFO No orders this round.
2025-11-04 18:52:08,797 INFO No orders this round.
2025-11-04 18:53:08,842 INFO No orders this round.
2025-11-04 18:54:08,865 INFO No orders this round.
2025-11-04 18:55:08,800 INFO No orders this round.
2025-11-04 18:56:08,837 INFO No orders this round.
2025-11-04 18:57:09,047 INFO No orders this round.
2025-11-04 18:58:08,795 INFO No orders this round.
2025-11-04 18:59:08,881 INFO No orders this round.
2025-11-04 19:00:09,253 INFO No orders this round.
2025-11-04 19:01:08,827 INFO No orders this round.
2025-11-04 19:02:09,012 INFO No orders this round.
2025-11-04 19:03:08,919 INFO No orders this round.
2025-11-04 19:04:08,816 INFO No orders this round.
2025-11-04 19:05:09,533 INFO No orders this round.
2025-11-04 19:06:09,004 INFO No orders this round.
2025-11-04 19:07:09,010 INFO No orders this round.
2025-11-04 19:08:09,009 INFO No orders this round.
2025-11-04 19:09:09,195 INFO No orders this round.
2025-11-04 19:10:09,020 INFO No orders this round.
2025-11-04 19:11:08,768 INFO No orders this round.
2025-11-04 19:12:09,439 INFO No orders this round.
2025-11-04 19:13:09,057 INFO No orders this round.
2025-11-04 19:14:08,817 INFO No orders this round.
2025-11-04 19:15:09,018 INFO No orders this round.
2025-11-04 19:16:08,974 INFO No orders this round.
2025-11-04 19:17:08,889 INFO No orders this round.
2025-11-04 19:18:08,871 INFO No orders this round.
2025-11-04 19:19:09,052 INFO No orders this round.
2025-11-04 19:20:08,952 INFO No orders this round.
2025-11-04 19:21:09,066 INFO No orders this round.
2025-11-04 19:22:09,112 INFO No orders this round.
2025-11-04 19:23:09,036 INFO No orders this round.
2025-11-04 19:24:08,920 INFO No orders this round.
2025-11-04 19:25:08,926 INFO No orders this round.
2025-11-04 19:26:09,260 INFO No orders this round.
2025-11-04 19:27:09,189 INFO No orders this round.
2025-11-04 19:28:09,028 INFO No orders this round.
2025-11-04 19:29:09,282 INFO No orders this round.
2025-11-04 19:30:09,162 INFO No orders this round.
2025-11-04 19:31:09,173 INFO No orders this round.
2025-11-04 19:32:09,310 INFO No orders this round.
2025-11-04 19:33:09,198 INFO No orders this round.
2025-11-04 19:34:09,470 INFO No orders this round.
2025-11-04 19:35:09,137 INFO No orders this round.
2025-11-04 19:36:09,165 INFO No orders this round.
2025-11-04 19:37:09,060 INFO No orders this round.
2025-11-04 19:38:09,202 INFO No orders this round.
2025-11-04 19:39:09,380 INFO No orders this round.
2025-11-04 19:40:09,121 INFO No orders this round.
2025-11-04 19:41:09,181 INFO No orders this round.
2025-11-04 19:42:09,322 INFO No orders this round.
2025-11-04 19:43:09,188 INFO No orders this round.
2025-11-04 19:44:09,261 INFO No orders this round.
2025-11-04 19:45:09,225 INFO No orders this round.
2025-11-04 19:46:09,185 INFO No orders this round.
2025-11-04 19:47:09,249 INFO No orders this round.
2025-11-04 19:48:09,278 INFO No orders this round.
2025-11-04 19:49:09,197 INFO No orders this round.
2025-11-04 19:50:09,182 INFO No orders this round.
2025-11-04 19:51:09,244 INFO No orders this round.
2025-11-04 19:52:10,174 INFO No orders this round.
2025-11-04 19:53:09,565 INFO No orders this round.
2025-11-04 19:54:09,515 INFO No orders this round.
2025-11-04 19:55:09,637 INFO No orders this round.
2025-11-04 19:56:09,409 INFO No orders this round.
2025-11-04 19:57:09,531 INFO No orders this round.
2025-11-04 19:58:09,487 INFO No orders this round.
2025-11-04 19:59:09,367 INFO No orders this round.
2025-11-04 20:00:09,581 INFO No orders this round.
2025-11-04 20:01:09,357 INFO No orders this round.
2025-11-04 20:02:09,317 INFO No orders this round.
2025-11-04 20:03:09,296 INFO No orders this round.
2025-11-04 20:04:09,394 INFO No orders this round.
2025-11-04 20:05:09,821 INFO No orders this round.
2025-11-04 20:06:09,268 INFO No orders this round.
2025-11-04 20:07:09,168 INFO No orders this round.
2025-11-04 20:08:09,250 INFO No orders this round.
2025-11-04 20:09:09,345 INFO No orders this round.
2025-11-04 20:10:09,996 INFO No orders this round.
2025-11-04 20:11:09,303 INFO No orders this round.
2025-11-04 20:12:10,033 INFO No orders this round.
2025-11-04 20:13:09,398 INFO No orders this round.
2025-11-04 20:14:09,319 INFO No orders this round.
2025-11-04 20:15:09,590 INFO No orders this round.
2025-11-04 20:16:09,347 INFO No orders this round.
2025-11-04 20:17:09,224 INFO No orders this round.
2025-11-04 20:18:09,439 INFO No orders this round.
2025-11-04 20:19:09,185 INFO No orders this round.
2025-11-04 20:20:09,683 INFO No orders this round.
2025-11-04 20:21:09,516 INFO No orders this round.
2025-11-04 20:22:09,898 INFO No orders this round.
2025-11-04 20:23:09,315 INFO No orders this round.
2025-11-04 20:24:09,372 INFO No orders this round.
2025-11-04 20:25:09,945 INFO No orders this round.
2025-11-04 20:26:09,805 INFO No orders this round.
2025-11-04 20:27:09,459 INFO No orders this round.
2025-11-04 20:28:09,471 INFO No orders this round.
2025-11-04 20:29:09,705 INFO No orders this round.
2025-11-04 20:30:09,607 INFO No orders this round.
2025-11-04 20:31:09,542 INFO No orders this round.
2025-11-04 20:32:09,498 INFO No orders this round.
2025-11-04 20:33:09,473 INFO No orders this round.
2025-11-04 20:34:09,756 INFO No orders this round.
2025-11-04 20:35:09,655 INFO No orders this round.
2025-11-04 20:36:09,623 INFO No orders this round.
2025-11-04 20:37:09,625 INFO No orders this round.
2025-11-04 20:38:09,706 INFO No orders this round.
2025-11-04 20:39:09,791 INFO No orders this round.
2025-11-04 20:40:09,632 INFO No orders this round.
2025-11-04 20:41:09,578 INFO No orders this round.
2025-11-04 20:42:09,542 INFO No orders this round.
2025-11-04 20:43:09,640 INFO No orders this round.
2025-11-04 20:44:09,727 INFO No orders this round.
2025-11-04 20:45:09,668 INFO No orders this round.
2025-11-04 20:46:09,536 INFO No orders this round.
2025-11-04 20:47:09,665 INFO No orders this round.
2025-11-04 20:48:09,727 INFO No orders this round.
2025-11-04 20:49:09,699 INFO No orders this round.
2025-11-04 20:50:09,653 INFO No orders this round.
2025-11-04 20:51:09,803 INFO No orders this round.
2025-11-04 20:52:09,657 INFO No orders this round.
2025-11-04 20:53:09,827 INFO No orders this round.
2025-11-04 20:54:09,741 INFO No orders this round.
2025-11-04 20:55:09,609 INFO No orders this round.
2025-11-04 20:56:09,450 INFO No orders this round.
2025-11-04 20:57:09,760 INFO No orders this round.
2025-11-04 20:58:09,487 INFO No orders this round.
2025-11-04 20:59:09,738 INFO No orders this round.
2025-11-04 21:00:09,842 INFO No orders this round.
2025-11-04 21:01:09,673 INFO No orders this round.
2025-11-04 21:02:09,507 INFO No orders this round.
2025-11-04 21:03:09,676 INFO No orders this round.
2025-11-04 21:04:09,528 INFO No orders this round.
2025-11-04 21:05:09,624 INFO No orders this round.
2025-11-04 21:06:09,579 INFO No orders this round.
2025-11-04 21:07:09,607 INFO No orders this round.
2025-11-04 21:08:09,481 INFO No orders this round.
2025-11-04 21:09:09,727 INFO No orders this round.
2025-11-04 21:10:09,575 INFO No orders this round.
2025-11-04 21:11:09,476 INFO No orders this round.
2025-11-04 21:12:09,600 INFO No orders this round.
2025-11-04 21:13:09,406 INFO No orders this round.
2025-11-04 21:14:09,444 INFO No orders this round.
2025-11-04 21:15:09,563 INFO No orders this round.
2025-11-04 21:16:09,473 INFO No orders this round.
2025-11-04 21:17:09,514 INFO No orders this round.
2025-11-04 21:18:09,501 INFO No orders this round.
2025-11-04 21:19:09,385 INFO No orders this round.
2025-11-04 21:20:09,605 INFO No orders this round.
2025-11-04 21:21:09,767 INFO No orders this round.
2025-11-04 21:22:09,411 INFO No orders this round.
2025-11-04 21:23:09,450 INFO No orders this round.
2025-11-04 21:24:09,697 INFO No orders this round.
2025-11-04 21:25:09,493 INFO No orders this round.
2025-11-04 21:26:09,457 INFO No orders this round.
2025-11-04 21:27:09,587 INFO No orders this round.
2025-11-04 21:28:09,549 INFO No orders this round.
2025-11-04 21:29:09,578 INFO No orders this round.
2025-11-04 21:30:09,787 INFO No orders this round.
2025-11-04 21:31:09,384 INFO No orders this round.
2025-11-04 21:32:09,707 INFO No orders this round.
2025-11-04 21:33:09,463 INFO No orders this round.
2025-11-04 21:34:09,440 INFO No orders this round.
2025-11-04 21:35:09,533 INFO No orders this round.
2025-11-04 21:36:09,518 INFO No orders this round.
2025-11-04 21:37:09,511 INFO No orders this round.
2025-11-04 21:38:09,377 INFO No orders this round.
2025-11-04 21:39:09,309 INFO No orders this round.
2025-11-04 21:40:10,204 INFO No orders this round.
2025-11-04 21:41:09,446 INFO No orders this round.
2025-11-04 21:42:09,497 INFO No orders this round.
2025-11-04 21:43:09,516 INFO No orders this round.
2025-11-04 21:44:09,714 INFO No orders this round.
2025-11-04 21:45:09,551 INFO No orders this round.
2025-11-04 21:46:09,651 INFO No orders this round.
2025-11-04 21:47:09,509 INFO No orders this round.
2025-11-04 21:48:09,736 INFO No orders this round.
2025-11-04 21:49:09,401 INFO No orders this round.
2025-11-04 21:50:09,600 INFO No orders this round.
2025-11-04 21:51:09,721 INFO No orders this round.
2025-11-04 21:52:09,200 INFO No orders this round.
2025-11-04 21:53:09,308 INFO No orders this round.
2025-11-04 21:54:09,595 INFO No orders this round.
2025-11-04 21:55:09,628 INFO No orders this round.
2025-11-04 21:56:09,721 INFO No orders this round.
2025-11-04 21:57:09,457 INFO No orders this round.
2025-11-04 21:58:09,412 INFO No orders this round.
2025-11-04 21:59:09,610 INFO No orders this round.
2025-11-04 22:00:10,078 INFO No orders this round.
2025-11-04 22:01:09,594 INFO No orders this round.
2025-11-04 22:02:09,418 INFO No orders this round.
2025-11-04 22:03:09,788 INFO No orders this round.
2025-11-04 22:04:09,524 INFO No orders this round.
2025-11-04 22:05:09,604 INFO No orders this round.
2025-11-04 22:06:09,651 INFO No orders this round.
2025-11-04 22:07:09,645 INFO No orders this round.
2025-11-04 22:08:09,455 INFO No orders this round.
2025-11-04 22:09:09,672 INFO No orders this round.
2025-11-04 22:10:10,137 INFO No orders this round.
2025-11-04 22:11:09,633 INFO No orders this round.
2025-11-04 22:12:09,727 INFO No orders this round.
2025-11-04 22:13:09,514 INFO No orders this round.
2025-11-04 22:14:09,624 INFO No orders this round.
2025-11-04 22:15:09,571 INFO No orders this round.
2025-11-04 22:16:09,622 INFO No orders this round.
2025-11-04 22:17:09,523 INFO No orders this round.
2025-11-04 22:18:09,771 INFO No orders this round.
2025-11-04 22:19:09,605 INFO No orders this round.
2025-11-04 22:20:09,535 INFO No orders this round.
2025-11-04 22:21:09,488 INFO No orders this round.
2025-11-04 22:22:09,750 INFO No orders this round.
2025-11-04 22:23:09,599 INFO No orders this round.
2025-11-04 22:24:09,544 INFO No orders this round.
2025-11-04 22:25:09,734 INFO No orders this round.
2025-11-04 22:26:09,733 INFO No orders this round.
2025-11-04 22:27:09,733 INFO No orders this round.
2025-11-04 22:28:09,598 INFO No orders this round.
2025-11-04 22:29:09,602 INFO No orders this round.
2025-11-04 22:30:09,570 INFO No orders this round.
2025-11-04 22:31:09,623 INFO No orders this round.
2025-11-04 22:32:09,608 INFO No orders this round.
2025-11-04 22:33:09,579 INFO No orders this round.
2025-11-04 22:34:09,482 INFO No orders this round.
2025-11-04 22:35:09,609 INFO No orders this round.
2025-11-04 22:36:09,557 INFO No orders this round.
2025-11-04 22:37:09,655 INFO No orders this round.
2025-11-04 22:38:09,496 INFO No orders this round.
2025-11-04 22:39:09,736 INFO No orders this round.
2025-11-04 22:40:09,487 INFO No orders this round.
2025-11-04 22:41:09,599 INFO No orders this round.
2025-11-04 22:42:09,622 INFO No orders this round.
2025-11-04 22:43:09,667 INFO No orders this round.
2025-11-04 22:44:09,582 INFO No orders this round.
2025-11-04 22:45:09,736 INFO No orders this round.
2025-11-04 22:46:09,512 INFO No orders this round.
2025-11-04 22:47:09,473 INFO No orders this round.
2025-11-04 22:48:09,597 INFO No orders this round.
2025-11-04 22:49:09,520 INFO No orders this round.
2025-11-04 22:50:09,576 INFO No orders this round.
2025-11-04 22:51:09,789 INFO No orders this round.
2025-11-04 22:52:09,446 INFO No orders this round.
2025-11-04 22:53:09,526 INFO No orders this round.
2025-11-04 22:54:09,629 INFO No orders this round.
2025-11-04 22:55:09,560 INFO No orders this round.
2025-11-04 22:56:09,499 INFO No orders this round.
2025-11-04 22:57:09,738 INFO No orders this round.
2025-11-04 22:58:09,608 INFO No orders this round.
2025-11-04 22:59:09,636 INFO No orders this round.
2025-11-04 23:00:09,846 INFO No orders this round.
2025-11-04 23:01:09,528 INFO No orders this round.
2025-11-04 23:02:09,639 INFO No orders this round.
2025-11-04 23:03:09,740 INFO No orders this round.
2025-11-04 23:04:10,026 INFO No orders this round.
2025-11-04 23:05:09,603 INFO No orders this round.
2025-11-04 23:06:09,660 INFO No orders this round.
2025-11-04 23:07:09,524 INFO No orders this round.
2025-11-04 23:08:09,508 INFO No orders this round.
2025-11-04 23:09:09,687 INFO No orders this round.
2025-11-04 23:10:09,666 INFO No orders this round.
2025-11-04 23:11:09,644 INFO No orders this round.
2025-11-04 23:12:09,520 INFO No orders this round.
2025-11-04 23:13:09,478 INFO No orders this round.
2025-11-04 23:14:09,472 INFO No orders this round.
2025-11-04 23:15:09,537 INFO No orders this round.
2025-11-04 23:16:09,752 INFO No orders this round.
2025-11-04 23:17:09,695 INFO No orders this round.
2025-11-04 23:18:09,739 INFO No orders this round.
2025-11-04 23:19:09,520 INFO No orders this round.
2025-11-04 23:20:09,592 INFO No orders this round.
2025-11-04 23:21:09,589 INFO No orders this round.
2025-11-04 23:22:09,617 INFO No orders this round.
2025-11-04 23:23:09,552 INFO No orders this round.
2025-11-04 23:24:09,538 INFO No orders this round.
2025-11-04 23:25:09,513 INFO No orders this round.
2025-11-04 23:26:09,519 INFO No orders this round.
2025-11-04 23:27:09,740 INFO No orders this round.
2025-11-04 23:28:09,652 INFO No orders this round.
2025-11-04 23:29:09,530 INFO No orders this round.
2025-11-04 23:30:09,759 INFO No orders this round.
2025-11-04 23:31:09,490 INFO No orders this round.
2025-11-04 23:32:09,581 INFO No orders this round.
2025-11-04 23:33:09,583 INFO No orders this round.
2025-11-04 23:34:09,882 INFO No orders this round.
2025-11-04 23:35:09,742 INFO No orders this round.
2025-11-04 23:36:09,741 INFO No orders this round.
2025-11-04 23:37:09,522 INFO No orders this round.
2025-11-04 23:38:09,567 INFO No orders this round.
2025-11-04 23:39:09,544 INFO No orders this round.
2025-11-04 23:40:09,621 INFO No orders this round.
2025-11-04 23:41:09,627 INFO No orders this round.
2025-11-04 23:42:09,743 INFO No orders this round.
2025-11-04 23:43:09,603 INFO No orders this round.
2025-11-04 23:44:09,487 INFO No orders this round.
2025-11-04 23:45:09,532 INFO No orders this round.
2025-11-04 23:46:09,646 INFO No orders this round.
2025-11-04 23:47:09,512 INFO No orders this round.
2025-11-04 23:48:09,661 INFO No orders this round.
2025-11-04 23:49:09,602 INFO No orders this round.
2025-11-04 23:50:09,541 INFO No orders this round.
2025-11-04 23:51:09,852 INFO No orders this round.
2025-11-04 23:52:09,470 INFO No orders this round.
2025-11-04 23:53:09,538 INFO No orders this round.
2025-11-04 23:54:09,741 INFO No orders this round.
2025-11-04 23:55:09,741 INFO No orders this round.
2025-11-04 23:56:09,741 INFO No orders this round.
2025-11-04 23:57:09,666 INFO No orders this round.
2025-11-04 23:58:09,627 INFO No orders this round.
2025-11-04 23:59:09,684 INFO No orders this round.
2025-11-05 00:00:09,742 INFO No orders this round.
2025-11-05 00:01:09,533 INFO No orders this round.
2025-11-05 00:02:09,538 INFO No orders this round.
2025-11-05 00:03:09,753 INFO No orders this round.
2025-11-05 00:04:09,742 INFO No orders this round.
2025-11-05 00:05:09,612 INFO No orders this round.
2025-11-05 00:06:09,784 INFO No orders this round.
2025-11-05 00:07:09,422 INFO No orders this round.
2025-11-05 00:08:09,347 INFO No orders this round.
2025-11-05 00:09:09,339 INFO No orders this round.
2025-11-05 00:10:09,357 INFO No orders this round.
2025-11-05 00:11:09,666 INFO No orders this round.
2025-11-05 00:12:09,409 INFO No orders this round.
2025-11-05 00:13:09,568 INFO No orders this round.
2025-11-05 00:14:09,344 INFO No orders this round.
2025-11-05 00:15:09,742 INFO No orders this round.
2025-11-05 00:16:09,529 INFO No orders this round.
2025-11-05 00:17:09,415 INFO No orders this round.
2025-11-05 00:18:09,743 INFO No orders this round.
2025-11-05 00:19:09,828 INFO No orders this round.
2025-11-05 00:20:09,527 INFO No orders this round.
2025-11-05 00:21:09,582 INFO No orders this round.
2025-11-05 00:22:09,742 INFO No orders this round.
2025-11-05 00:23:09,523 INFO No orders this round.
2025-11-05 00:24:09,828 INFO No orders this round.
2025-11-05 00:25:09,742 INFO No orders this round.
2025-11-05 00:26:09,818 INFO No orders this round.
2025-11-05 00:27:09,814 INFO No orders this round.
2025-11-05 00:28:09,481 INFO No orders this round.
2025-11-05 00:29:09,742 INFO No orders this round.
2025-11-05 00:30:09,768 INFO No orders this round.
2025-11-05 00:31:09,597 INFO No orders this round.
2025-11-05 00:32:09,672 INFO No orders this round.
2025-11-05 00:33:09,741 INFO No orders this round.
2025-11-05 00:34:09,617 INFO No orders this round.
2025-11-05 00:35:09,567 INFO No orders this round.
2025-11-05 00:36:09,827 INFO No orders this round.
2025-11-05 00:37:09,595 INFO No orders this round.
2025-11-05 00:38:09,583 INFO No orders this round.
2025-11-05 00:39:09,742 INFO No orders this round.
2025-11-05 00:40:09,592 INFO No orders this round.
2025-11-05 00:41:09,531 INFO No orders this round.
2025-11-05 00:42:09,826 INFO No orders this round.
2025-11-05 00:43:09,743 INFO No orders this round.
2025-11-05 00:44:09,684 INFO No orders this round.
2025-11-05 00:45:09,543 INFO No orders this round.
2025-11-05 00:46:09,678 INFO No orders this round.
2025-11-05 00:47:09,760 INFO No orders this round.
2025-11-05 00:48:09,909 INFO No orders this round.
2025-11-05 00:49:09,592 INFO No orders this round.
2025-11-05 00:50:09,663 INFO No orders this round.
2025-11-05 00:51:09,741 INFO No orders this round.
2025-11-05 00:52:09,654 INFO No orders this round.
2025-11-05 00:53:09,745 INFO No orders this round.
2025-11-05 00:54:09,743 INFO No orders this round.
2025-11-05 00:55:09,741 INFO No orders this round.
2025-11-05 00:56:09,743 INFO No orders this round.
2025-11-05 00:57:09,668 INFO No orders this round.
2025-11-05 00:58:09,755 INFO No orders this round.
2025-11-05 00:59:09,685 INFO No orders this round.
2025-11-05 01:00:09,782 INFO No orders this round.
2025-11-05 01:01:09,466 INFO No orders this round.
2025-11-05 01:02:09,743 INFO No orders this round.
2025-11-05 01:03:09,633 INFO No orders this round.
2025-11-05 01:04:09,594 INFO No orders this round.
2025-11-05 01:05:09,554 INFO No orders this round.
2025-11-05 01:06:09,741 INFO No orders this round.
2025-11-05 01:07:09,568 INFO No orders this round.
2025-11-05 01:08:09,799 INFO No orders this round.
2025-11-05 01:09:09,756 INFO No orders this round.
2025-11-05 01:10:09,743 INFO No orders this round.
2025-11-05 01:11:09,528 INFO No orders this round.
2025-11-05 01:12:09,745 INFO No orders this round.
2025-11-05 01:13:09,743 INFO No orders this round.
2025-11-05 01:14:09,617 INFO No orders this round.
2025-11-05 01:15:09,530 INFO No orders this round.
2025-11-05 01:16:09,620 INFO No orders this round.
2025-11-05 01:17:09,556 INFO No orders this round.
2025-11-05 01:18:09,652 INFO No orders this round.
2025-11-05 01:19:09,591 INFO No orders this round.
2025-11-05 01:20:09,742 INFO No orders this round.
2025-11-05 01:21:09,553 INFO No orders this round.
2025-11-05 01:22:09,799 INFO No orders this round.
2025-11-05 01:23:09,543 INFO No orders this round.
2025-11-05 01:24:09,615 INFO No orders this round.
2025-11-05 01:25:09,741 INFO No orders this round.
2025-11-05 01:26:09,742 INFO No orders this round.
2025-11-05 01:27:09,577 INFO No orders this round.
2025-11-05 01:28:09,750 INFO No orders this round.
2025-11-05 01:29:09,886 INFO No orders this round.
2025-11-05 01:30:09,562 INFO No orders this round.
2025-11-05 01:31:09,621 INFO No orders this round.
2025-11-05 01:32:09,749 INFO No orders this round.
2025-11-05 01:33:09,522 INFO No orders this round.
2025-11-05 01:34:09,816 INFO No orders this round.
2025-11-05 01:35:09,741 INFO No orders this round.
2025-11-05 01:36:09,643 INFO No orders this round.
2025-11-05 01:37:09,514 INFO No orders this round.
2025-11-05 01:38:09,647 INFO No orders this round.
2025-11-05 01:39:09,667 INFO No orders this round.
2025-11-05 01:40:09,795 INFO No orders this round.
2025-11-05 01:41:09,742 INFO No orders this round.
2025-11-05 01:42:09,743 INFO No orders this round.
2025-11-05 01:43:09,770 INFO No orders this round.
2025-11-05 01:44:09,743 INFO No orders this round.
2025-11-05 01:45:09,668 INFO No orders this round.
2025-11-05 01:46:09,743 INFO No orders this round.
2025-11-05 01:47:09,573 INFO No orders this round.
2025-11-05 01:48:09,618 INFO No orders this round.
2025-11-05 01:49:09,744 INFO No orders this round.
2025-11-05 01:50:09,743 INFO No orders this round.
2025-11-05 01:51:09,689 INFO No orders this round.
2025-11-05 01:52:09,885 INFO No orders this round.
2025-11-05 01:53:09,670 INFO No orders this round.
2025-11-05 01:54:09,658 INFO No orders this round.
2025-11-05 01:55:09,597 INFO No orders this round.
2025-11-05 01:56:09,618 INFO No orders this round.
2025-11-05 01:57:09,839 INFO No orders this round.
2025-11-05 01:58:09,741 INFO No orders this round.
2025-11-05 01:59:09,852 INFO No orders this round.
2025-11-05 02:00:09,689 INFO No orders this round.
2025-11-05 02:01:09,745 INFO No orders this round.
2025-11-05 02:02:09,662 INFO No orders this round.
2025-11-05 02:03:09,685 INFO No orders this round.
2025-11-05 02:04:09,657 INFO No orders this round.
2025-11-05 02:05:09,570 INFO No orders this round.
2025-11-05 02:06:09,666 INFO No orders this round.
2025-11-05 02:07:09,550 INFO No orders this round.
2025-11-05 02:08:09,579 INFO No orders this round.
2025-11-05 02:09:09,679 INFO No orders this round.
2025-11-05 02:10:09,743 INFO No orders this round.
2025-11-05 02:11:09,745 INFO No orders this round.
2025-11-05 02:12:09,785 INFO No orders this round.
2025-11-05 02:13:09,608 INFO No orders this round.
2025-11-05 02:14:09,796 INFO No orders this round.
2025-11-05 02:15:09,480 INFO No orders this round.
2025-11-05 02:16:09,817 INFO No orders this round.
2025-11-05 02:17:09,742 INFO No orders this round.
2025-11-05 02:18:09,683 INFO No orders this round.
2025-11-05 02:19:09,408 INFO No orders this round.
2025-11-05 02:20:09,650 INFO No orders this round.
2025-11-05 02:21:09,550 INFO No orders this round.
2025-11-05 02:22:09,806 INFO No orders this round.
2025-11-05 02:23:09,559 INFO No orders this round.
2025-11-05 02:24:09,612 INFO No orders this round.
2025-11-05 02:25:09,607 INFO No orders this round.
2025-11-05 02:26:09,713 INFO No orders this round.
2025-11-05 02:27:09,871 INFO No orders this round.
2025-11-05 02:28:09,689 INFO No orders this round.
2025-11-05 02:29:09,916 INFO No orders this round.
2025-11-05 02:30:09,755 INFO No orders this round.
2025-11-05 02:31:09,523 INFO No orders this round.
2025-11-05 02:32:09,788 INFO No orders this round.
2025-11-05 02:33:09,576 INFO No orders this round.
2025-11-05 02:34:09,743 INFO No orders this round.
2025-11-05 02:35:09,745 INFO No orders this round.
2025-11-05 02:36:09,558 INFO No orders this round.
2025-11-05 02:37:09,843 INFO No orders this round.
2025-11-05 02:38:09,874 INFO No orders this round.
2025-11-05 02:39:09,772 INFO No orders this round.
2025-11-05 02:40:09,832 INFO No orders this round.
2025-11-05 02:41:09,601 INFO No orders this round.
2025-11-05 02:42:09,815 INFO No orders this round.
2025-11-05 02:43:09,741 INFO No orders this round.
2025-11-05 02:44:09,823 INFO No orders this round.
2025-11-05 02:45:09,634 INFO No orders this round.
2025-11-05 02:46:09,683 INFO No orders this round.
2025-11-05 02:47:09,650 INFO No orders this round.
2025-11-05 02:48:09,862 INFO No orders this round.
2025-11-05 02:49:09,681 INFO No orders this round.
2025-11-05 02:50:09,775 INFO No orders this round.
2025-11-05 02:51:09,766 INFO No orders this round.
2025-11-05 02:52:09,827 INFO No orders this round.
2025-11-05 02:53:09,660 INFO No orders this round.
2025-11-05 02:54:09,755 INFO No orders this round.
2025-11-05 02:55:09,630 INFO No orders this round.
2025-11-05 02:56:09,686 INFO No orders this round.
2025-11-05 02:57:09,713 INFO No orders this round.
2025-11-05 02:58:09,802 INFO No orders this round.
2025-11-05 02:59:09,777 INFO No orders this round.
2025-11-05 03:00:09,768 INFO No orders this round.
2025-11-05 03:01:09,597 INFO No orders this round.
2025-11-05 03:02:09,663 INFO No orders this round.
2025-11-05 03:03:09,748 INFO No orders this round.
2025-11-05 03:04:09,839 INFO No orders this round.
2025-11-05 03:05:09,769 INFO No orders this round.
2025-11-05 03:06:09,742 INFO No orders this round.
2025-11-05 03:07:09,621 INFO No orders this round.
2025-11-05 03:08:09,837 INFO No orders this round.
2025-11-05 03:09:09,533 INFO No orders this round.
2025-11-05 03:10:09,642 INFO No orders this round.
2025-11-05 03:11:09,785 INFO No orders this round.
2025-11-05 03:12:09,659 INFO No orders this round.
2025-11-05 03:13:09,781 INFO No orders this round.
2025-11-05 03:14:09,675 INFO No orders this round.
2025-11-05 03:15:09,925 INFO No orders this round.
2025-11-05 03:16:09,664 INFO No orders this round.
2025-11-05 03:17:09,743 INFO No orders this round.
2025-11-05 03:18:09,743 INFO No orders this round.
2025-11-05 03:19:09,757 INFO No orders this round.
2025-11-05 03:20:09,842 INFO No orders this round.
2025-11-05 03:21:09,823 INFO No orders this round.
2025-11-05 03:22:09,902 INFO No orders this round.
2025-11-05 03:23:09,744 INFO No orders this round.
2025-11-05 03:24:09,645 INFO No orders this round.
2025-11-05 03:25:09,889 INFO No orders this round.
2025-11-05 03:26:09,858 INFO No orders this round.
2025-11-05 03:27:09,745 INFO No orders this round.
2025-11-05 03:28:09,870 INFO No orders this round.
2025-11-05 03:29:09,621 INFO No orders this round.
2025-11-05 03:30:09,744 INFO No orders this round.
2025-11-05 03:31:09,816 INFO No orders this round.
2025-11-05 03:32:09,839 INFO No orders this round.
2025-11-05 03:33:09,750 INFO No orders this round.
2025-11-05 03:34:09,753 INFO No orders this round.
2025-11-05 03:35:09,604 INFO No orders this round.
2025-11-05 03:36:09,848 INFO No orders this round.
2025-11-05 03:37:09,744 INFO No orders this round.
2025-11-05 03:38:09,867 INFO No orders this round.
2025-11-05 03:39:09,662 INFO No orders this round.
2025-11-05 03:40:09,782 INFO No orders this round.
2025-11-05 03:41:09,683 INFO No orders this round.
2025-11-05 03:42:09,870 INFO No orders this round.
2025-11-05 03:43:09,744 INFO No orders this round.
2025-11-05 03:44:09,694 INFO No orders this round.
2025-11-05 03:45:09,788 INFO No orders this round.
2025-11-05 03:46:09,798 INFO No orders this round.
2025-11-05 03:47:09,856 INFO No orders this round.
2025-11-05 03:48:09,781 INFO No orders this round.
2025-11-05 03:49:09,839 INFO No orders this round.
2025-11-05 03:50:09,599 INFO No orders this round.
2025-11-05 03:51:09,877 INFO No orders this round.
2025-11-05 03:52:09,751 INFO No orders this round.
2025-11-05 03:53:09,823 INFO No orders this round.
2025-11-05 03:54:09,640 INFO No orders this round.
2025-11-05 03:55:09,744 INFO No orders this round.
2025-11-05 03:56:09,753 INFO No orders this round.
2025-11-05 03:57:09,744 INFO No orders this round.
2025-11-05 03:58:10,006 INFO No orders this round.
2025-11-05 03:59:09,624 INFO No orders this round.
2025-11-05 04:00:09,554 INFO No orders this round.
2025-11-05 04:01:09,941 INFO No orders this round.
2025-11-05 04:02:09,623 INFO No orders this round.
2025-11-05 04:03:09,749 INFO No orders this round.
2025-11-05 04:04:09,960 INFO No orders this round.
2025-11-05 04:05:09,744 INFO No orders this round.
2025-11-05 04:06:09,944 INFO No orders this round.
2025-11-05 04:07:09,743 INFO No orders this round.
2025-11-05 04:08:09,649 INFO No orders this round.
2025-11-05 04:09:09,647 INFO No orders this round.
2025-11-05 04:10:09,616 INFO No orders this round.
2025-11-05 04:11:09,817 INFO No orders this round.
2025-11-05 04:12:11,954 INFO No orders this round.
2025-11-05 04:13:09,903 INFO No orders this round.
2025-11-05 04:14:09,754 INFO No orders this round.
2025-11-05 04:15:09,878 INFO No orders this round.
2025-11-05 04:16:09,953 INFO No orders this round.
2025-11-05 04:17:09,795 INFO No orders this round.
2025-11-05 04:18:09,876 INFO No orders this round.
2025-11-05 04:19:09,911 INFO No orders this round.
2025-11-05 04:20:09,823 INFO No orders this round.
2025-11-05 04:21:09,995 INFO No orders this round.
2025-11-05 04:22:09,858 INFO No orders this round.
2025-11-05 04:23:09,964 INFO No orders this round.
2025-11-05 04:24:09,952 INFO No orders this round.
2025-11-05 04:25:09,951 INFO No orders this round.
2025-11-05 04:26:09,960 INFO No orders this round.
2025-11-05 04:27:09,978 INFO No orders this round.
2025-11-05 04:28:09,995 INFO No orders this round.
2025-11-05 04:29:09,991 INFO No orders this round.
2025-11-05 04:30:10,034 INFO No orders this round.
2025-11-05 04:31:10,007 INFO No orders this round.
2025-11-05 04:32:10,022 INFO No orders this round.
2025-11-05 04:33:10,058 INFO No orders this round.
2025-11-05 04:34:10,132 INFO No orders this round.
2025-11-05 04:35:09,991 INFO No orders this round.
2025-11-05 04:36:09,996 INFO No orders this round.
2025-11-05 04:37:10,093 INFO No orders this round.
2025-11-05 04:38:10,099 INFO No orders this round.
2025-11-05 04:39:10,174 INFO No orders this round.
2025-11-05 04:40:10,179 INFO No orders this round.
2025-11-05 04:41:10,104 INFO No orders this round.
2025-11-05 04:42:10,113 INFO No orders this round.
2025-11-05 04:43:09,990 INFO No orders this round.
2025-11-05 04:44:10,228 INFO No orders this round.
2025-11-05 04:45:10,279 INFO No orders this round.
2025-11-05 04:46:10,249 INFO No orders this round.
2025-11-05 04:47:10,372 INFO No orders this round.
2025-11-05 04:48:10,150 INFO No orders this round.
2025-11-05 04:49:10,153 INFO No orders this round.
2025-11-05 04:50:10,161 INFO No orders this round.
2025-11-05 04:51:10,312 INFO No orders this round.
2025-11-05 04:52:10,105 INFO No orders this round.
2025-11-05 04:53:10,196 INFO No orders this round.
2025-11-05 04:54:10,223 INFO No orders this round.
2025-11-05 04:55:10,285 INFO No orders this round.
2025-11-05 04:56:10,344 INFO No orders this round.
2025-11-05 04:57:10,207 INFO No orders this round.
2025-11-05 04:58:10,159 INFO No orders this round.
2025-11-05 04:59:10,106 INFO No orders this round.
2025-11-05 05:00:10,114 INFO No orders this round.
2025-11-05 05:01:10,323 INFO No orders this round.
2025-11-05 05:02:10,237 INFO No orders this round.
2025-11-05 05:03:10,254 INFO No orders this round.
2025-11-05 05:04:10,389 INFO No orders this round.
2025-11-05 05:05:10,297 INFO No orders this round.
2025-11-05 05:06:10,282 INFO No orders this round.
2025-11-05 05:07:10,366 INFO No orders this round.
2025-11-05 05:08:10,343 INFO No orders this round.
2025-11-05 05:09:10,271 INFO No orders this round.
2025-11-05 05:10:10,188 INFO No orders this round.
2025-11-05 05:11:10,317 INFO No orders this round.
2025-11-05 05:12:10,214 INFO No orders this round.
2025-11-05 05:13:10,482 INFO No orders this round.
2025-11-05 05:14:11,297 INFO No orders this round.
2025-11-05 05:15:10,302 INFO No orders this round.
2025-11-05 05:16:10,397 INFO No orders this round.
2025-11-05 05:17:10,236 INFO No orders this round.
2025-11-05 05:18:10,410 INFO No orders this round.
2025-11-05 05:19:10,181 INFO No orders this round.
2025-11-05 05:20:10,217 INFO No orders this round.
2025-11-05 05:21:10,325 INFO No orders this round.
2025-11-05 05:22:10,167 INFO No orders this round.
2025-11-05 05:23:10,334 INFO No orders this round.
2025-11-05 05:24:10,269 INFO No orders this round.
2025-11-05 05:25:10,451 INFO No orders this round.
2025-11-05 05:26:11,410 INFO No orders this round.
2025-11-05 05:27:10,297 INFO No orders this round.
2025-11-05 05:28:10,360 INFO No orders this round.
2025-11-05 05:29:10,409 INFO No orders this round.
2025-11-05 05:30:10,155 INFO No orders this round.
2025-11-05 05:31:10,475 INFO No orders this round.
2025-11-05 05:32:10,460 INFO No orders this round.
2025-11-05 05:33:10,372 INFO No orders this round.
2025-11-05 05:34:10,385 INFO No orders this round.
2025-11-05 05:35:10,440 INFO No orders this round.
2025-11-05 05:36:10,440 INFO No orders this round.
2025-11-05 05:37:10,267 INFO No orders this round.
2025-11-05 05:38:10,501 INFO No orders this round.
2025-11-05 05:39:10,390 INFO No orders this round.
2025-11-05 05:40:10,309 INFO No orders this round.
2025-11-05 05:41:10,543 INFO No orders this round.
2025-11-05 05:42:10,268 INFO No orders this round.
2025-11-05 05:43:10,324 INFO No orders this round.
2025-11-05 05:44:10,334 INFO No orders this round.
2025-11-05 05:45:10,491 INFO No orders this round.
2025-11-05 05:46:10,275 INFO No orders this round.
2025-11-05 05:47:10,467 INFO No orders this round.
2025-11-05 05:48:10,415 INFO No orders this round.
2025-11-05 05:49:10,523 INFO No orders this round.
2025-11-05 05:50:10,518 INFO No orders this round.
2025-11-05 05:51:10,519 INFO No orders this round.
2025-11-05 05:52:10,507 INFO No orders this round.
2025-11-05 05:53:10,586 INFO No orders this round.
2025-11-05 05:54:10,430 INFO No orders this round.
2025-11-05 05:55:10,352 INFO No orders this round.
2025-11-05 05:56:10,432 INFO No orders this round.
2025-11-05 05:57:10,438 INFO No orders this round.
2025-11-05 05:58:10,492 INFO No orders this round.
2025-11-05 05:59:10,685 INFO No orders this round.
2025-11-05 06:00:13,072 INFO No orders this round.
2025-11-05 06:01:11,496 INFO No orders this round.
2025-11-05 06:02:11,681 INFO No orders this round.
2025-11-05 06:03:10,452 INFO No orders this round.
2025-11-05 06:04:10,378 INFO No orders this round.
2025-11-05 06:05:10,729 INFO No orders this round.
2025-11-05 06:06:10,517 INFO No orders this round.
2025-11-05 06:07:10,825 INFO No orders this round.
2025-11-05 06:08:10,577 INFO No orders this round.
2025-11-05 06:09:10,925 INFO No orders this round.
2025-11-05 06:10:10,566 INFO No orders this round.
2025-11-05 06:11:10,694 INFO No orders this round.
2025-11-05 06:12:10,688 INFO No orders this round.
2025-11-05 06:13:10,628 INFO No orders this round.
2025-11-05 06:14:10,691 INFO No orders this round.
2025-11-05 06:15:10,485 INFO No orders this round.
2025-11-05 06:16:10,478 INFO No orders this round.
2025-11-05 06:17:10,468 INFO No orders this round.
2025-11-05 06:18:10,524 INFO No orders this round.
2025-11-05 06:19:10,404 INFO No orders this round.
2025-11-05 06:20:10,722 INFO No orders this round.
2025-11-05 06:21:10,537 INFO No orders this round.
2025-11-05 06:22:10,663 INFO No orders this round.
2025-11-05 06:23:10,644 INFO No orders this round.
2025-11-05 06:24:10,776 INFO No orders this round.
2025-11-05 06:25:10,578 INFO No orders this round.
2025-11-05 06:26:10,481 INFO No orders this round.
2025-11-05 06:27:10,701 INFO No orders this round.
2025-11-05 06:28:10,642 INFO No orders this round.
2025-11-05 06:29:10,933 INFO No orders this round.
2025-11-05 06:30:10,491 INFO No orders this round.
2025-11-05 06:31:10,869 INFO No orders this round.
2025-11-05 06:32:10,998 INFO No orders this round.
2025-11-05 06:33:10,802 INFO No orders this round.
2025-11-05 06:34:10,931 INFO No orders this round.
2025-11-05 06:35:10,438 INFO No orders this round.
2025-11-05 06:36:10,632 INFO No orders this round.
2025-11-05 06:37:10,668 INFO No orders this round.
2025-11-05 06:38:10,440 INFO No orders this round.
2025-11-05 06:39:10,631 INFO No orders this round.
2025-11-05 06:40:10,893 INFO No orders this round.
2025-11-05 06:41:10,557 INFO No orders this round.
2025-11-05 06:42:10,518 INFO No orders this round.
2025-11-05 06:43:10,800 INFO No orders this round.
2025-11-05 06:44:10,761 INFO No orders this round.
2025-11-05 06:45:10,560 INFO No orders this round.
2025-11-05 06:46:10,750 INFO No orders this round.
2025-11-05 06:47:10,822 INFO No orders this round.
2025-11-05 06:48:10,577 INFO No orders this round.
2025-11-05 06:49:10,520 INFO No orders this round.
2025-11-05 06:50:10,885 INFO No orders this round.
2025-11-05 06:51:10,701 INFO No orders this round.
2025-11-05 06:52:10,611 INFO No orders this round.
2025-11-05 06:53:10,561 INFO No orders this round.
2025-11-05 06:54:10,746 INFO No orders this round.
2025-11-05 06:55:10,440 INFO No orders this round.
2025-11-05 06:56:10,512 INFO No orders this round.
2025-11-05 06:57:10,709 INFO No orders this round.
2025-11-05 06:58:10,506 INFO No orders this round.
2025-11-05 06:59:10,750 INFO No orders this round.
2025-11-05 07:00:10,714 INFO No orders this round.
2025-11-05 07:01:10,695 INFO No orders this round.
2025-11-05 07:02:10,662 INFO No orders this round.
2025-11-05 07:03:10,985 INFO No orders this round.
2025-11-05 07:04:10,470 INFO No orders this round.
2025-11-05 07:05:10,521 INFO No orders this round.
2025-11-05 07:06:10,677 INFO No orders this round.
2025-11-05 07:07:10,644 INFO No orders this round.
2025-11-05 07:08:10,698 INFO No orders this round.
2025-11-05 07:09:10,699 INFO No orders this round.
2025-11-05 07:10:10,655 INFO No orders this round.
2025-11-05 07:11:10,732 INFO No orders this round.
2025-11-05 07:12:10,802 INFO No orders this round.
2025-11-05 07:13:10,934 INFO No orders this round.
2025-11-05 07:14:11,390 INFO No orders this round.
2025-11-05 07:15:10,588 INFO No orders this round.
2025-11-05 07:16:10,831 INFO No orders this round.
2025-11-05 07:17:10,800 INFO No orders this round.
2025-11-05 07:18:10,573 INFO No orders this round.
2025-11-05 07:19:10,893 INFO No orders this round.
2025-11-05 07:20:10,742 INFO No orders this round.
2025-11-05 07:21:10,799 INFO No orders this round.
2025-11-05 07:22:10,778 INFO No orders this round.
2025-11-05 07:23:10,669 INFO No orders this round.
2025-11-05 07:24:10,727 INFO No orders this round.
2025-11-05 07:25:10,693 INFO No orders this round.
2025-11-05 07:26:10,822 INFO No orders this round.
2025-11-05 07:27:10,603 INFO No orders this round.
2025-11-05 07:28:10,753 INFO No orders this round.
2025-11-05 07:29:10,865 INFO No orders this round.
2025-11-05 07:30:10,603 INFO No orders this round.
2025-11-05 07:31:10,817 INFO No orders this round.
2025-11-05 07:32:11,111 INFO No orders this round.
2025-11-05 07:33:10,721 INFO No orders this round.
2025-11-05 07:34:10,691 INFO No orders this round.
2025-11-05 07:35:10,726 INFO No orders this round.
2025-11-05 07:36:10,658 INFO No orders this round.
2025-11-05 07:37:10,589 INFO No orders this round.
2025-11-05 07:38:10,783 INFO No orders this round.
2025-11-05 07:39:11,035 INFO No orders this round.
2025-11-05 07:40:10,619 INFO No orders this round.
2025-11-05 07:41:10,802 INFO No orders this round.
2025-11-05 07:42:10,634 INFO No orders this round.
2025-11-05 07:43:10,802 INFO No orders this round.
2025-11-05 07:44:10,596 INFO No orders this round.
2025-11-05 07:45:10,665 INFO No orders this round.
2025-11-05 07:46:10,796 INFO No orders this round.
2025-11-05 07:47:10,925 INFO No orders this round.
2025-11-05 07:48:11,057 INFO No orders this round.
2025-11-05 07:49:10,478 INFO No orders this round.
2025-11-05 07:50:10,715 INFO No orders this round.
2025-11-05 07:51:10,801 INFO No orders this round.
2025-11-05 07:52:10,724 INFO No orders this round.
2025-11-05 07:53:10,888 INFO No orders this round.
2025-11-05 07:54:10,681 INFO No orders this round.
2025-11-05 07:55:10,654 INFO No orders this round.
2025-11-05 07:56:10,948 INFO No orders this round.
2025-11-05 07:57:10,726 INFO No orders this round.
2025-11-05 07:58:10,741 INFO No orders this round.
2025-11-05 07:59:10,635 INFO No orders this round.
2025-11-05 08:00:10,706 INFO No orders this round.
2025-11-05 08:01:10,778 INFO No orders this round.
2025-11-05 08:02:10,722 INFO No orders this round.
2025-11-05 08:03:10,955 INFO No orders this round.
2025-11-05 08:04:10,524 INFO No orders this round.
2025-11-05 08:05:11,024 INFO No orders this round.
2025-11-05 08:06:10,813 INFO No orders this round.
2025-11-05 08:07:10,485 INFO No orders this round.
2025-11-05 08:08:10,770 INFO No orders this round.
2025-11-05 08:09:10,721 INFO No orders this round.
2025-11-05 08:10:10,521 INFO No orders this round.
2025-11-05 08:11:10,617 INFO No orders this round.
2025-11-05 08:12:10,674 INFO No orders this round.
2025-11-05 08:13:10,719 INFO No orders this round.
2025-11-05 08:14:10,643 INFO No orders this round.
2025-11-05 08:15:10,830 INFO No orders this round.
2025-11-05 08:16:10,557 INFO No orders this round.
2025-11-05 08:17:10,557 INFO No orders this round.
2025-11-05 08:18:10,676 INFO No orders this round.
2025-11-05 08:19:10,676 INFO No orders this round.
2025-11-05 08:20:10,624 INFO No orders this round.
2025-11-05 08:21:10,679 INFO No orders this round.
2025-11-05 08:22:10,624 INFO No orders this round.
2025-11-05 08:23:10,864 INFO No orders this round.
2025-11-05 08:24:10,796 INFO No orders this round.
2025-11-05 08:25:10,869 INFO No orders this round.
2025-11-05 08:26:10,731 INFO No orders this round.
2025-11-05 08:27:10,727 INFO No orders this round.
2025-11-05 08:28:10,706 INFO No orders this round.
2025-11-05 08:29:10,858 INFO No orders this round.
2025-11-05 08:30:11,002 INFO No orders this round.
2025-11-05 08:31:10,631 INFO No orders this round.
2025-11-05 08:32:11,096 INFO No orders this round.
2025-11-05 08:33:10,685 INFO No orders this round.
2025-11-05 08:34:10,689 INFO No orders this round.
2025-11-05 08:35:10,809 INFO No orders this round.
2025-11-05 08:36:10,892 INFO No orders this round.
2025-11-05 08:37:10,637 INFO No orders this round.
2025-11-05 08:38:10,690 INFO No orders this round.
2025-11-05 08:39:10,690 INFO No orders this round.
2025-11-05 08:40:10,824 INFO No orders this round.
2025-11-05 08:41:10,690 INFO No orders this round.
2025-11-05 08:42:10,736 INFO No orders this round.
2025-11-05 08:43:10,569 INFO No orders this round.
2025-11-05 08:44:10,863 INFO No orders this round.
2025-11-05 08:45:10,907 INFO No orders this round.
2025-11-05 08:46:10,551 INFO No orders this round.
2025-11-05 08:47:10,873 INFO No orders this round.
2025-11-05 08:48:10,880 INFO No orders this round.
2025-11-05 08:49:10,737 INFO No orders this round.
2025-11-05 08:50:10,759 INFO No orders this round.
2025-11-05 08:51:11,148 INFO No orders this round.
2025-11-05 08:52:10,857 INFO No orders this round.
2025-11-05 08:53:10,863 INFO No orders this round.
2025-11-05 08:54:10,947 INFO No orders this round.
2025-11-05 08:55:10,647 INFO No orders this round.
2025-11-05 08:56:10,793 INFO No orders this round.
2025-11-05 08:57:10,752 INFO No orders this round.
2025-11-05 08:58:10,759 INFO No orders this round.
2025-11-05 08:59:10,703 INFO No orders this round.
2025-11-05 09:00:10,964 INFO No orders this round.
2025-11-05 09:01:10,583 INFO No orders this round.
2025-11-05 09:02:10,842 INFO No orders this round.
2025-11-05 09:03:10,706 INFO No orders this round.
2025-11-05 09:04:10,745 INFO No orders this round.
2025-11-05 09:05:10,808 INFO No orders this round.
2025-11-05 09:06:10,752 INFO No orders this round.
2025-11-05 09:07:10,617 INFO No orders this round.
2025-11-05 09:08:10,707 INFO No orders this round.
2025-11-05 09:09:10,898 INFO No orders this round.
2025-11-05 09:10:10,598 INFO No orders this round.
2025-11-05 09:11:10,810 INFO No orders this round.
2025-11-05 09:12:11,059 INFO No orders this round.
2025-11-05 09:13:10,699 INFO No orders this round.
2025-11-05 09:14:10,765 INFO No orders this round.
2025-11-05 09:15:10,712 INFO No orders this round.
2025-11-05 09:16:10,735 INFO No orders this round.
2025-11-05 09:17:10,802 INFO No orders this round.
2025-11-05 09:18:10,900 INFO No orders this round.
2025-11-05 09:19:10,745 INFO No orders this round.
2025-11-05 09:20:10,675 INFO No orders this round.
2025-11-05 09:21:10,883 INFO No orders this round.
2025-11-05 09:22:10,711 INFO No orders this round.
2025-11-05 09:23:10,889 INFO No orders this round.
2025-11-05 09:24:10,715 INFO No orders this round.
2025-11-05 09:25:11,052 INFO No orders this round.
2025-11-05 09:26:10,773 INFO No orders this round.
2025-11-05 09:27:10,974 INFO No orders this round.
2025-11-05 09:28:11,936 INFO No orders this round.
2025-11-05 09:29:10,587 INFO No orders this round.
2025-11-05 09:30:10,730 INFO No orders this round.
2025-11-05 09:31:10,959 INFO No orders this round.
2025-11-05 09:32:10,836 INFO No orders this round.
2025-11-05 09:33:10,889 INFO No orders this round.
2025-11-05 09:34:10,920 INFO No orders this round.
2025-11-05 09:35:10,780 INFO No orders this round.
2025-11-05 09:36:11,024 INFO No orders this round.
2025-11-05 09:37:10,777 INFO No orders this round.
2025-11-05 09:38:10,724 INFO No orders this round.
2025-11-05 09:39:10,723 INFO No orders this round.
2025-11-05 09:40:10,864 INFO No orders this round.
2025-11-05 09:41:10,768 INFO No orders this round.
2025-11-05 09:42:10,725 INFO No orders this round.
2025-11-05 09:43:10,835 INFO No orders this round.
2025-11-05 09:44:10,589 INFO No orders this round.
2025-11-05 09:45:10,846 INFO No orders this round.
2025-11-05 09:46:10,837 INFO No orders this round.
2025-11-05 09:47:10,726 INFO No orders this round.
2025-11-05 09:48:10,863 INFO No orders this round.
2025-11-05 09:49:10,783 INFO No orders this round.
2025-11-05 09:50:10,673 INFO No orders this round.
2025-11-05 09:51:10,886 INFO No orders this round.
2025-11-05 09:52:10,884 INFO No orders this round.
2025-11-05 09:53:10,800 INFO No orders this round.
2025-11-05 09:54:10,986 INFO No orders this round.
2025-11-05 09:55:10,786 INFO No orders this round.
2025-11-05 09:56:10,713 INFO No orders this round.
2025-11-05 09:57:10,873 INFO No orders this round.
2025-11-05 09:58:10,906 INFO No orders this round.
2025-11-05 09:59:10,785 INFO No orders this round.
2025-11-05 10:00:10,822 INFO No orders this round.
2025-11-05 10:01:10,891 INFO No orders this round.
2025-11-05 10:02:10,680 INFO No orders this round.
2025-11-05 10:03:10,792 INFO No orders this round.
2025-11-05 10:04:10,898 INFO No orders this round.
2025-11-05 10:05:10,736 INFO No orders this round.
2025-11-05 10:06:10,904 INFO No orders this round.
2025-11-05 10:07:10,796 INFO No orders this round.
2025-11-05 10:08:10,843 INFO No orders this round.
2025-11-05 10:09:10,902 INFO No orders this round.
2025-11-05 10:10:10,737 INFO No orders this round.
2025-11-05 10:11:11,019 INFO No orders this round.
2025-11-05 10:12:10,740 INFO No orders this round.
2025-11-05 10:13:10,854 INFO No orders this round.
2025-11-05 10:14:11,094 INFO No orders this round.
2025-11-05 10:15:10,881 INFO No orders this round.
2025-11-05 10:16:10,794 INFO No orders this round.
2025-11-05 10:17:10,820 INFO No orders this round.
2025-11-05 10:18:10,867 INFO No orders this round.
2025-11-05 10:19:10,927 INFO No orders this round.
2025-11-05 10:20:10,792 INFO No orders this round.
2025-11-05 10:21:10,744 INFO No orders this round.
2025-11-05 10:22:10,751 INFO No orders this round.
2025-11-05 10:23:10,829 INFO No orders this round.
2025-11-05 10:24:10,841 INFO No orders this round.
2025-11-05 10:25:10,909 INFO No orders this round.
2025-11-05 10:26:10,833 INFO No orders this round.
2025-11-05 10:27:10,801 INFO No orders this round.
2025-11-05 10:28:10,612 INFO No orders this round.
2025-11-05 10:29:10,699 INFO No orders this round.
2025-11-05 10:30:10,573 INFO No orders this round.
2025-11-05 10:31:10,831 INFO No orders this round.
2025-11-05 10:32:10,703 INFO No orders this round.
2025-11-05 10:33:10,811 INFO No orders this round.
2025-11-05 10:34:10,800 INFO No orders this round.
2025-11-05 10:35:10,902 INFO No orders this round.
2025-11-05 10:36:10,755 INFO No orders this round.
2025-11-05 10:37:10,769 INFO No orders this round.
2025-11-05 10:38:10,821 INFO No orders this round.
2025-11-05 10:39:10,814 INFO No orders this round.
2025-11-05 10:40:10,738 INFO No orders this round.
2025-11-05 10:41:10,640 INFO No orders this round.
2025-11-05 10:42:10,740 INFO No orders this round.
2025-11-05 10:43:10,862 INFO No orders this round.
2025-11-05 10:44:10,700 INFO No orders this round.
2025-11-05 10:45:10,834 INFO No orders this round.
2025-11-05 10:46:10,830 INFO No orders this round.
2025-11-05 10:47:10,893 INFO No orders this round.
2025-11-05 10:48:10,703 INFO No orders this round.
2025-11-05 10:49:10,780 INFO No orders this round.
2025-11-05 10:50:10,802 INFO No orders this round.
2025-11-05 10:51:10,632 INFO No orders this round.
2025-11-05 10:52:10,766 INFO No orders this round.
2025-11-05 10:53:10,704 INFO No orders this round.
2025-11-05 10:54:10,880 INFO No orders this round.
2025-11-05 10:55:10,832 INFO No orders this round.
2025-11-05 10:56:10,856 INFO No orders this round.
2025-11-05 10:57:10,801 INFO No orders this round.
2025-11-05 10:58:10,424 INFO No orders this round.
2025-11-05 10:59:10,426 INFO No orders this round.
2025-11-05 11:00:10,746 INFO No orders this round.
2025-11-05 11:01:10,750 INFO No orders this round.
2025-11-05 11:02:10,710 INFO No orders this round.
2025-11-05 11:03:10,787 INFO No orders this round.
2025-11-05 11:04:10,715 INFO No orders this round.
2025-11-05 11:05:10,851 INFO No orders this round.
2025-11-05 11:06:10,816 INFO No orders this round.
2025-11-05 11:07:10,826 INFO No orders this round.
2025-11-05 11:08:10,654 INFO No orders this round.
2025-11-05 11:09:10,800 INFO No orders this round.
2025-11-05 11:10:10,829 INFO No orders this round.
2025-11-05 11:11:10,756 INFO No orders this round.
2025-11-05 11:12:10,755 INFO No orders this round.
2025-11-05 11:13:10,758 INFO No orders this round.
2025-11-05 11:14:10,761 INFO No orders this round.
2025-11-05 11:15:10,820 INFO No orders this round.
2025-11-05 11:16:10,631 INFO No orders this round.
2025-11-05 11:17:11,320 INFO No orders this round.
2025-11-05 11:18:10,969 INFO No orders this round.
2025-11-05 11:19:10,825 INFO No orders this round.
2025-11-05 11:20:10,756 INFO No orders this round.
2025-11-05 11:21:10,656 INFO No orders this round.
2025-11-05 11:22:10,751 INFO No orders this round.
2025-11-05 11:23:10,856 INFO No orders this round.
2025-11-05 11:24:10,850 INFO No orders this round.
2025-11-05 11:25:10,733 INFO No orders this round.
2025-11-05 11:26:10,720 INFO No orders this round.
2025-11-05 11:27:10,760 INFO No orders this round.
2025-11-05 11:28:10,723 INFO No orders this round.
2025-11-05 11:29:10,822 INFO No orders this round.
2025-11-05 11:30:10,867 INFO No orders this round.
2025-11-05 11:31:10,821 INFO No orders this round.
